{"total": {"lines":{"total":1042,"covered":358,"skipped":0,"pct":34.36},"statements":{"total":1085,"covered":365,"skipped":0,"pct":33.64},"functions":{"total":223,"covered":75,"skipped":0,"pct":33.63},"branches":{"total":844,"covered":172,"skipped":0,"pct":20.38}}
,"/usr/src/app/.nuxt/App.js": {"lines":{"total":67,"covered":28,"skipped":0,"pct":41.79},"functions":{"total":16,"covered":8,"skipped":0,"pct":50},"statements":{"total":67,"covered":28,"skipped":0,"pct":41.79},"branches":{"total":48,"covered":15,"skipped":0,"pct":31.25}}
,"/usr/src/app/.nuxt/axios.js": {"lines":{"total":74,"covered":39,"skipped":0,"pct":52.7},"functions":{"total":28,"covered":9,"skipped":0,"pct":32.14},"statements":{"total":81,"covered":39,"skipped":0,"pct":48.15},"branches":{"total":60,"covered":7,"skipped":0,"pct":11.67}}
,"/usr/src/app/.nuxt/client.js": {"lines":{"total":377,"covered":85,"skipped":0,"pct":22.55},"functions":{"total":64,"covered":15,"skipped":0,"pct":23.44},"statements":{"total":393,"covered":87,"skipped":0,"pct":22.14},"branches":{"total":319,"covered":39,"skipped":0,"pct":12.23}}
,"/usr/src/app/.nuxt/index.js": {"lines":{"total":75,"covered":42,"skipped":0,"pct":56},"functions":{"total":12,"covered":5,"skipped":0,"pct":41.67},"statements":{"total":76,"covered":42,"skipped":0,"pct":55.26},"branches":{"total":59,"covered":21,"skipped":0,"pct":35.59}}
,"/usr/src/app/.nuxt/middleware.js": {"lines":{"total":1,"covered":1,"skipped":0,"pct":100},"functions":{"total":0,"covered":0,"skipped":0,"pct":100},"statements":{"total":1,"covered":1,"skipped":0,"pct":100},"branches":{"total":0,"covered":0,"skipped":0,"pct":100}}
,"/usr/src/app/.nuxt/nuxt-icons.js": {"lines":{"total":3,"covered":3,"skipped":0,"pct":100},"functions":{"total":2,"covered":1,"skipped":0,"pct":50},"statements":{"total":4,"covered":3,"skipped":0,"pct":75},"branches":{"total":2,"covered":0,"skipped":0,"pct":0}}
,"/usr/src/app/.nuxt/router.js": {"lines":{"total":9,"covered":8,"skipped":0,"pct":88.89},"functions":{"total":5,"covered":2,"skipped":0,"pct":40},"statements":{"total":11,"covered":9,"skipped":0,"pct":81.82},"branches":{"total":1,"covered":0,"skipped":0,"pct":0}}
,"/usr/src/app/.nuxt/router.scrollBehavior.js": {"lines":{"total":30,"covered":6,"skipped":0,"pct":20},"functions":{"total":8,"covered":1,"skipped":0,"pct":12.5},"statements":{"total":32,"covered":6,"skipped":0,"pct":18.75},"branches":{"total":24,"covered":2,"skipped":0,"pct":8.33}}
,"/usr/src/app/.nuxt/utils.js": {"lines":{"total":247,"covered":86,"skipped":0,"pct":34.82},"functions":{"total":48,"covered":23,"skipped":0,"pct":47.92},"statements":{"total":254,"covered":90,"skipped":0,"pct":35.43},"branches":{"total":226,"covered":56,"skipped":0,"pct":24.78}}
,"/usr/src/app/.nuxt/workbox.js": {"lines":{"total":7,"covered":5,"skipped":0,"pct":71.43},"functions":{"total":2,"covered":2,"skipped":0,"pct":100},"statements":{"total":7,"covered":5,"skipped":0,"pct":71.43},"branches":{"total":2,"covered":1,"skipped":0,"pct":50}}
,"/usr/src/app/.nuxt/components/nuxt-child.js": {"lines":{"total":40,"covered":27,"skipped":0,"pct":67.5},"functions":{"total":6,"covered":3,"skipped":0,"pct":50},"statements":{"total":40,"covered":27,"skipped":0,"pct":67.5},"branches":{"total":24,"covered":10,"skipped":0,"pct":41.67}}
,"/usr/src/app/.nuxt/components/nuxt-link.client.js": {"lines":{"total":40,"covered":5,"skipped":0,"pct":12.5},"functions":{"total":16,"covered":1,"skipped":0,"pct":6.25},"statements":{"total":42,"covered":5,"skipped":0,"pct":11.9},"branches":{"total":31,"covered":7,"skipped":0,"pct":22.58}}
,"/usr/src/app/.nuxt/components/nuxt.js": {"lines":{"total":24,"covered":12,"skipped":0,"pct":50},"functions":{"total":6,"covered":3,"skipped":0,"pct":50},"statements":{"total":26,"covered":12,"skipped":0,"pct":46.15},"branches":{"total":24,"covered":10,"skipped":0,"pct":41.67}}
,"/usr/src/app/.nuxt/mixins/fetch.client.js": {"lines":{"total":41,"covered":4,"skipped":0,"pct":9.76},"functions":{"total":9,"covered":1,"skipped":0,"pct":11.11},"statements":{"total":44,"covered":4,"skipped":0,"pct":9.09},"branches":{"total":20,"covered":1,"skipped":0,"pct":5}}
,"/usr/src/app/.nuxt/vuetify/options.js": {"lines":{"total":0,"covered":0,"skipped":0,"pct":0},"functions":{"total":0,"covered":0,"skipped":0,"pct":0},"statements":{"total":0,"covered":0,"skipped":0,"pct":0},"branches":{"total":0,"covered":0,"skipped":0,"pct":0}}
,"/usr/src/app/.nuxt/vuetify/plugin.js": {"lines":{"total":7,"covered":7,"skipped":0,"pct":100},"functions":{"total":1,"covered":1,"skipped":0,"pct":100},"statements":{"total":7,"covered":7,"skipped":0,"pct":100},"branches":{"total":4,"covered":3,"skipped":0,"pct":75}}
}
