{"/usr/src/app/.nuxt/App.js": {"path":"/usr/src/app/.nuxt/App.js","statementMap":{"0":{"start":{"line":19,"column":16},"end":{"line":19,"column":60}},"1":{"start":{"line":23,"column":22},"end":{"line":23,"column":58}},"2":{"start":{"line":25,"column":4},"end":{"line":34,"column":5}},"3":{"start":{"line":26,"column":26},"end":{"line":26,"column":65}},"4":{"start":{"line":27,"column":6},"end":{"line":33,"column":7}},"5":{"start":{"line":28,"column":8},"end":{"line":32,"column":9}},"6":{"start":{"line":36,"column":21},"end":{"line":36,"column":45}},"7":{"start":{"line":37,"column":23},"end":{"line":42,"column":18}},"8":{"start":{"line":44,"column":25},"end":{"line":57,"column":20}},"9":{"start":{"line":52,"column":10},"end":{"line":54,"column":12}},"10":{"start":{"line":53,"column":12},"end":{"line":53,"column":47}},"11":{"start":{"line":59,"column":4},"end":{"line":67,"column":6}},"12":{"start":{"line":70,"column":15},"end":{"line":77,"column":5}},"13":{"start":{"line":80,"column":4},"end":{"line":80,"column":61}},"14":{"start":{"line":84,"column":4},"end":{"line":84,"column":30}},"15":{"start":{"line":86,"column":4},"end":{"line":93,"column":5}},"16":{"start":{"line":87,"column":6},"end":{"line":87,"column":25}},"17":{"start":{"line":89,"column":6},"end":{"line":89,"column":32}},"18":{"start":{"line":91,"column":6},"end":{"line":91,"column":65}},"19":{"start":{"line":92,"column":6},"end":{"line":92,"column":66}},"20":{"start":{"line":95,"column":4},"end":{"line":95,"column":32}},"21":{"start":{"line":97,"column":4},"end":{"line":97,"column":40}},"22":{"start":{"line":101,"column":4},"end":{"line":101,"column":38}},"23":{"start":{"line":109,"column":6},"end":{"line":109,"column":27}},"24":{"start":{"line":113,"column":6},"end":{"line":113,"column":32}},"25":{"start":{"line":119,"column":6},"end":{"line":128,"column":7}},"26":{"start":{"line":120,"column":8},"end":{"line":127,"column":9}},"27":{"start":{"line":124,"column":10},"end":{"line":124,"column":30}},"28":{"start":{"line":126,"column":10},"end":{"line":126,"column":49}},"29":{"start":{"line":132,"column":20},"end":{"line":132,"column":62}},"30":{"start":{"line":134,"column":6},"end":{"line":136,"column":7}},"31":{"start":{"line":135,"column":8},"end":{"line":135,"column":14}},"32":{"start":{"line":137,"column":6},"end":{"line":137,"column":27}},"33":{"start":{"line":139,"column":23},"end":{"line":167,"column":8}},"34":{"start":{"line":140,"column":18},"end":{"line":140,"column":20}},"35":{"start":{"line":143,"column":8},"end":{"line":145,"column":9}},"36":{"start":{"line":144,"column":10},"end":{"line":144,"column":62}},"37":{"start":{"line":146,"column":8},"end":{"line":153,"column":9}},"38":{"start":{"line":147,"column":10},"end":{"line":147,"column":31}},"39":{"start":{"line":150,"column":10},"end":{"line":152,"column":11}},"40":{"start":{"line":151,"column":12},"end":{"line":151,"column":38}},"41":{"start":{"line":155,"column":8},"end":{"line":164,"column":9}},"42":{"start":{"line":156,"column":10},"end":{"line":163,"column":11}},"43":{"start":{"line":159,"column":16},"end":{"line":161,"column":17}},"44":{"start":{"line":160,"column":18},"end":{"line":160,"column":56}},"45":{"start":{"line":166,"column":8},"end":{"line":166,"column":29}},"46":{"start":{"line":168,"column":6},"end":{"line":174,"column":7}},"47":{"start":{"line":169,"column":8},"end":{"line":169,"column":35}},"48":{"start":{"line":171,"column":8},"end":{"line":171,"column":33}},"49":{"start":{"line":172,"column":8},"end":{"line":172,"column":32}},"50":{"start":{"line":173,"column":8},"end":{"line":173,"column":25}},"51":{"start":{"line":175,"column":6},"end":{"line":175,"column":28}},"52":{"start":{"line":179,"column":6},"end":{"line":186,"column":7}},"53":{"start":{"line":180,"column":8},"end":{"line":182,"column":9}},"54":{"start":{"line":181,"column":10},"end":{"line":181,"column":43}},"55":{"start":{"line":183,"column":8},"end":{"line":185,"column":9}},"56":{"start":{"line":184,"column":10},"end":{"line":184,"column":32}},"57":{"start":{"line":190,"column":6},"end":{"line":192,"column":7}},"58":{"start":{"line":191,"column":8},"end":{"line":191,"column":82}},"59":{"start":{"line":194,"column":6},"end":{"line":196,"column":7}},"60":{"start":{"line":195,"column":8},"end":{"line":195,"column":26}},"61":{"start":{"line":197,"column":6},"end":{"line":197,"column":30}},"62":{"start":{"line":198,"column":6},"end":{"line":198,"column":41}},"63":{"start":{"line":199,"column":6},"end":{"line":199,"column":24}},"64":{"start":{"line":202,"column":6},"end":{"line":204,"column":7}},"65":{"start":{"line":203,"column":8},"end":{"line":203,"column":26}},"66":{"start":{"line":205,"column":6},"end":{"line":205,"column":51}}},"fnMap":{"0":{"name":"(anonymous_0)","decl":{"start":{"line":22,"column":2},"end":{"line":22,"column":3}},"loc":{"start":{"line":22,"column":20},"end":{"line":68,"column":3}},"line":22},"1":{"name":"(anonymous_1)","decl":{"start":{"line":50,"column":8},"end":{"line":50,"column":9}},"loc":{"start":{"line":50,"column":25},"end":{"line":55,"column":9}},"line":50},"2":{"name":"(anonymous_2)","decl":{"start":{"line":52,"column":33},"end":{"line":52,"column":34}},"loc":{"start":{"line":52,"column":39},"end":{"line":54,"column":11}},"line":52},"3":{"name":"(anonymous_3)","decl":{"start":{"line":70,"column":8},"end":{"line":70,"column":9}},"loc":{"start":{"line":70,"column":15},"end":{"line":77,"column":5}},"line":70},"4":{"name":"(anonymous_4)","decl":{"start":{"line":79,"column":2},"end":{"line":79,"column":3}},"loc":{"start":{"line":79,"column":18},"end":{"line":81,"column":3}},"line":79},"5":{"name":"(anonymous_5)","decl":{"start":{"line":82,"column":2},"end":{"line":82,"column":3}},"loc":{"start":{"line":82,"column":13},"end":{"line":98,"column":3}},"line":82},"6":{"name":"(anonymous_6)","decl":{"start":{"line":100,"column":2},"end":{"line":100,"column":3}},"loc":{"start":{"line":100,"column":13},"end":{"line":102,"column":3}},"line":100},"7":{"name":"(anonymous_7)","decl":{"start":{"line":108,"column":4},"end":{"line":108,"column":5}},"loc":{"start":{"line":108,"column":17},"end":{"line":110,"column":5}},"line":108},"8":{"name":"(anonymous_8)","decl":{"start":{"line":112,"column":6},"end":{"line":112,"column":7}},"loc":{"start":{"line":112,"column":19},"end":{"line":114,"column":5}},"line":112},"9":{"name":"(anonymous_9)","decl":{"start":{"line":118,"column":4},"end":{"line":118,"column":5}},"loc":{"start":{"line":118,"column":27},"end":{"line":129,"column":5}},"line":118},"10":{"name":"(anonymous_10)","decl":{"start":{"line":131,"column":4},"end":{"line":131,"column":5}},"loc":{"start":{"line":131,"column":21},"end":{"line":176,"column":5}},"line":131},"11":{"name":"(anonymous_11)","decl":{"start":{"line":139,"column":33},"end":{"line":139,"column":34}},"loc":{"start":{"line":139,"column":43},"end":{"line":167,"column":7}},"line":139},"12":{"name":"(anonymous_12)","decl":{"start":{"line":158,"column":20},"end":{"line":158,"column":21}},"loc":{"start":{"line":158,"column":33},"end":{"line":162,"column":15}},"line":158},"13":{"name":"(anonymous_13)","decl":{"start":{"line":178,"column":4},"end":{"line":178,"column":5}},"loc":{"start":{"line":178,"column":20},"end":{"line":187,"column":5}},"line":178},"14":{"name":"(anonymous_14)","decl":{"start":{"line":189,"column":4},"end":{"line":189,"column":5}},"loc":{"start":{"line":189,"column":23},"end":{"line":200,"column":5}},"line":189},"15":{"name":"(anonymous_15)","decl":{"start":{"line":201,"column":4},"end":{"line":201,"column":5}},"loc":{"start":{"line":201,"column":24},"end":{"line":206,"column":5}},"line":201}},"branchMap":{"0":{"loc":{"start":{"line":25,"column":4},"end":{"line":34,"column":5}},"type":"if","locations":[{"start":{"line":25,"column":4},"end":{"line":34,"column":5}},{"start":{"line":25,"column":4},"end":{"line":34,"column":5}}],"line":25},"1":{"loc":{"start":{"line":25,"column":8},"end":{"line":25,"column":34}},"type":"binary-expr","locations":[{"start":{"line":25,"column":8},"end":{"line":25,"column":21}},{"start":{"line":25,"column":25},"end":{"line":25,"column":34}}],"line":25},"2":{"loc":{"start":{"line":26,"column":27},"end":{"line":26,"column":57}},"type":"binary-expr","locations":[{"start":{"line":26,"column":27},"end":{"line":26,"column":44}},{"start":{"line":26,"column":48},"end":{"line":26,"column":57}}],"line":26},"3":{"loc":{"start":{"line":27,"column":6},"end":{"line":33,"column":7}},"type":"if","locations":[{"start":{"line":27,"column":6},"end":{"line":33,"column":7}},{"start":{"line":27,"column":6},"end":{"line":33,"column":7}}],"line":27},"4":{"loc":{"start":{"line":29,"column":10},"end":{"line":31,"column":25}},"type":"cond-expr","locations":[{"start":{"line":30,"column":14},"end":{"line":30,"column":55}},{"start":{"line":31,"column":14},"end":{"line":31,"column":25}}],"line":29},"5":{"loc":{"start":{"line":36,"column":23},"end":{"line":36,"column":44}},"type":"binary-expr","locations":[{"start":{"line":36,"column":23},"end":{"line":36,"column":34}},{"start":{"line":36,"column":38},"end":{"line":36,"column":44}}],"line":36},"6":{"loc":{"start":{"line":86,"column":4},"end":{"line":93,"column":5}},"type":"if","locations":[{"start":{"line":86,"column":4},"end":{"line":93,"column":5}},{"start":{"line":86,"column":4},"end":{"line":93,"column":5}}],"line":86},"7":{"loc":{"start":{"line":119,"column":6},"end":{"line":128,"column":7}},"type":"if","locations":[{"start":{"line":119,"column":6},"end":{"line":128,"column":7}},{"start":{"line":119,"column":6},"end":{"line":128,"column":7}}],"line":119},"8":{"loc":{"start":{"line":120,"column":8},"end":{"line":127,"column":9}},"type":"if","locations":[{"start":{"line":120,"column":8},"end":{"line":127,"column":9}},{"start":{"line":120,"column":8},"end":{"line":127,"column":9}}],"line":120},"9":{"loc":{"start":{"line":134,"column":6},"end":{"line":136,"column":7}},"type":"if","locations":[{"start":{"line":134,"column":6},"end":{"line":136,"column":7}},{"start":{"line":134,"column":6},"end":{"line":136,"column":7}}],"line":134},"10":{"loc":{"start":{"line":143,"column":8},"end":{"line":145,"column":9}},"type":"if","locations":[{"start":{"line":143,"column":8},"end":{"line":145,"column":9}},{"start":{"line":143,"column":8},"end":{"line":145,"column":9}}],"line":143},"11":{"loc":{"start":{"line":143,"column":12},"end":{"line":143,"column":61}},"type":"binary-expr","locations":[{"start":{"line":143,"column":12},"end":{"line":143,"column":31}},{"start":{"line":143,"column":35},"end":{"line":143,"column":61}}],"line":143},"12":{"loc":{"start":{"line":146,"column":8},"end":{"line":153,"column":9}},"type":"if","locations":[{"start":{"line":146,"column":8},"end":{"line":153,"column":9}},{"start":{"line":146,"column":8},"end":{"line":153,"column":9}}],"line":146},"13":{"loc":{"start":{"line":155,"column":8},"end":{"line":164,"column":9}},"type":"if","locations":[{"start":{"line":155,"column":8},"end":{"line":164,"column":9}},{"start":{"line":155,"column":8},"end":{"line":164,"column":9}}],"line":155},"14":{"loc":{"start":{"line":179,"column":6},"end":{"line":186,"column":7}},"type":"if","locations":[{"start":{"line":179,"column":6},"end":{"line":186,"column":7}},{"start":{"line":179,"column":6},"end":{"line":186,"column":7}}],"line":179},"15":{"loc":{"start":{"line":179,"column":10},"end":{"line":179,"column":40}},"type":"binary-expr","locations":[{"start":{"line":179,"column":10},"end":{"line":179,"column":23}},{"start":{"line":179,"column":27},"end":{"line":179,"column":40}}],"line":179},"16":{"loc":{"start":{"line":180,"column":8},"end":{"line":182,"column":9}},"type":"if","locations":[{"start":{"line":180,"column":8},"end":{"line":182,"column":9}},{"start":{"line":180,"column":8},"end":{"line":182,"column":9}}],"line":180},"17":{"loc":{"start":{"line":183,"column":8},"end":{"line":185,"column":9}},"type":"if","locations":[{"start":{"line":183,"column":8},"end":{"line":185,"column":9}},{"start":{"line":183,"column":8},"end":{"line":185,"column":9}}],"line":183},"18":{"loc":{"start":{"line":190,"column":6},"end":{"line":192,"column":7}},"type":"if","locations":[{"start":{"line":190,"column":6},"end":{"line":192,"column":7}},{"start":{"line":190,"column":6},"end":{"line":192,"column":7}}],"line":190},"19":{"loc":{"start":{"line":190,"column":9},"end":{"line":190,"column":45}},"type":"binary-expr","locations":[{"start":{"line":190,"column":9},"end":{"line":190,"column":15}},{"start":{"line":190,"column":19},"end":{"line":190,"column":45}}],"line":190},"20":{"loc":{"start":{"line":194,"column":6},"end":{"line":196,"column":7}},"type":"if","locations":[{"start":{"line":194,"column":6},"end":{"line":196,"column":7}},{"start":{"line":194,"column":6},"end":{"line":196,"column":7}}],"line":194},"21":{"loc":{"start":{"line":194,"column":10},"end":{"line":194,"column":43}},"type":"binary-expr","locations":[{"start":{"line":194,"column":10},"end":{"line":194,"column":17}},{"start":{"line":194,"column":21},"end":{"line":194,"column":43}}],"line":194},"22":{"loc":{"start":{"line":202,"column":6},"end":{"line":204,"column":7}},"type":"if","locations":[{"start":{"line":202,"column":6},"end":{"line":204,"column":7}},{"start":{"line":202,"column":6},"end":{"line":204,"column":7}}],"line":202},"23":{"loc":{"start":{"line":202,"column":10},"end":{"line":202,"column":43}},"type":"binary-expr","locations":[{"start":{"line":202,"column":10},"end":{"line":202,"column":17}},{"start":{"line":202,"column":21},"end":{"line":202,"column":43}}],"line":202}},"s":{"0":1,"1":1,"2":1,"3":0,"4":0,"5":0,"6":1,"7":1,"8":1,"9":0,"10":0,"11":1,"12":1,"13":1,"14":1,"15":1,"16":1,"17":1,"18":1,"19":1,"20":1,"21":1,"22":1,"23":0,"24":0,"25":1,"26":1,"27":0,"28":1,"29":0,"30":0,"31":0,"32":0,"33":0,"34":0,"35":0,"36":0,"37":0,"38":0,"39":0,"40":0,"41":0,"42":0,"43":0,"44":0,"45":0,"46":0,"47":0,"48":0,"49":0,"50":0,"51":0,"52":0,"53":0,"54":0,"55":0,"56":0,"57":1,"58":0,"59":1,"60":0,"61":1,"62":1,"63":1,"64":1,"65":0,"66":1},"f":{"0":1,"1":0,"2":0,"3":1,"4":1,"5":1,"6":1,"7":0,"8":0,"9":1,"10":0,"11":0,"12":0,"13":0,"14":1,"15":1},"b":{"0":[0,1],"1":[1,0],"2":[0,0],"3":[0,0],"4":[0,0],"5":[1,0],"6":[1,0],"7":[1,0],"8":[0,1],"9":[0,0],"10":[0,0],"11":[0,0],"12":[0,0],"13":[0,0],"14":[0,0],"15":[0,0],"16":[0,0],"17":[0,0],"18":[0,1],"19":[1,1],"20":[0,1],"21":[1,1],"22":[0,1],"23":[1,1]},"_coverageSchema":"1a1c01bbd47fc00a2c39e90264f33305004495a9","hash":"e2c04539fe5a2658c54e79f8ab1e605f1d960a48"}
,"/usr/src/app/.nuxt/axios.js": {"path":"/usr/src/app/.nuxt/axios.js","statementMap":{"0":{"start":{"line":4,"column":14},"end":{"line":4,"column":62}},"1":{"start":{"line":7,"column":19},"end":{"line":43,"column":1}},"2":{"start":{"line":9,"column":4},"end":{"line":9,"column":35}},"3":{"start":{"line":12,"column":4},"end":{"line":18,"column":5}},"4":{"start":{"line":13,"column":6},"end":{"line":16,"column":7}},"5":{"start":{"line":14,"column":8},"end":{"line":14,"column":50}},"6":{"start":{"line":15,"column":8},"end":{"line":15,"column":14}},"7":{"start":{"line":17,"column":6},"end":{"line":17,"column":48}},"8":{"start":{"line":21,"column":18},"end":{"line":21,"column":66}},"9":{"start":{"line":22,"column":4},"end":{"line":22,"column":50}},"10":{"start":{"line":25,"column":4},"end":{"line":25,"column":65}},"11":{"start":{"line":25,"column":44},"end":{"line":25,"column":64}},"12":{"start":{"line":28,"column":4},"end":{"line":28,"column":72}},"13":{"start":{"line":28,"column":47},"end":{"line":28,"column":71}},"14":{"start":{"line":31,"column":4},"end":{"line":31,"column":89}},"15":{"start":{"line":31,"column":54},"end":{"line":31,"column":88}},"16":{"start":{"line":34,"column":4},"end":{"line":34,"column":90}},"17":{"start":{"line":34,"column":55},"end":{"line":34,"column":89}},"18":{"start":{"line":37,"column":4},"end":{"line":37,"column":27}},"19":{"start":{"line":38,"column":4},"end":{"line":38,"column":28}},"20":{"start":{"line":41,"column":4},"end":{"line":41,"column":60}},"21":{"start":{"line":46,"column":0},"end":{"line":48,"column":1}},"22":{"start":{"line":47,"column":2},"end":{"line":47,"column":116}},"23":{"start":{"line":47,"column":43},"end":{"line":47,"column":114}},"24":{"start":{"line":47,"column":98},"end":{"line":47,"column":113}},"25":{"start":{"line":50,"column":28},"end":{"line":54,"column":1}},"26":{"start":{"line":51,"column":2},"end":{"line":53,"column":3}},"27":{"start":{"line":52,"column":4},"end":{"line":52,"column":44}},"28":{"start":{"line":56,"column":28},"end":{"line":70,"column":1}},"29":{"start":{"line":58,"column":16},"end":{"line":58,"column":42}},"30":{"start":{"line":59,"column":2},"end":{"line":59,"column":39}},"31":{"start":{"line":60,"column":2},"end":{"line":60,"column":33}},"32":{"start":{"line":63,"column":2},"end":{"line":63,"column":28}},"33":{"start":{"line":67,"column":2},"end":{"line":67,"column":22}},"34":{"start":{"line":69,"column":2},"end":{"line":69,"column":14}},"35":{"start":{"line":72,"column":22},"end":{"line":134,"column":1}},"36":{"start":{"line":73,"column":2},"end":{"line":75,"column":3}},"37":{"start":{"line":74,"column":4},"end":{"line":74,"column":10}},"38":{"start":{"line":78,"column":22},"end":{"line":83,"column":3}},"39":{"start":{"line":85,"column":19},"end":{"line":85,"column":103}},"40":{"start":{"line":85,"column":25},"end":{"line":85,"column":103}},"41":{"start":{"line":87,"column":24},"end":{"line":87,"column":25}},"42":{"start":{"line":89,"column":2},"end":{"line":95,"column":4}},"43":{"start":{"line":90,"column":4},"end":{"line":92,"column":5}},"44":{"start":{"line":91,"column":6},"end":{"line":91,"column":12}},"45":{"start":{"line":94,"column":4},"end":{"line":94,"column":21}},"46":{"start":{"line":97,"column":2},"end":{"line":107,"column":4}},"47":{"start":{"line":98,"column":4},"end":{"line":100,"column":5}},"48":{"start":{"line":99,"column":6},"end":{"line":99,"column":12}},"49":{"start":{"line":102,"column":4},"end":{"line":102,"column":21}},"50":{"start":{"line":103,"column":4},"end":{"line":106,"column":5}},"51":{"start":{"line":104,"column":6},"end":{"line":104,"column":25}},"52":{"start":{"line":105,"column":6},"end":{"line":105,"column":25}},"53":{"start":{"line":109,"column":2},"end":{"line":122,"column":4}},"54":{"start":{"line":110,"column":4},"end":{"line":112,"column":5}},"55":{"start":{"line":111,"column":6},"end":{"line":111,"column":12}},"56":{"start":{"line":114,"column":4},"end":{"line":114,"column":21}},"57":{"start":{"line":116,"column":4},"end":{"line":118,"column":5}},"58":{"start":{"line":117,"column":6},"end":{"line":117,"column":12}},"59":{"start":{"line":120,"column":4},"end":{"line":120,"column":21}},"60":{"start":{"line":121,"column":4},"end":{"line":121,"column":23}},"61":{"start":{"line":124,"column":21},"end":{"line":130,"column":3}},"62":{"start":{"line":125,"column":4},"end":{"line":127,"column":5}},"63":{"start":{"line":126,"column":6},"end":{"line":126,"column":12}},"64":{"start":{"line":128,"column":22},"end":{"line":128,"column":68}},"65":{"start":{"line":129,"column":4},"end":{"line":129,"column":43}},"66":{"start":{"line":132,"column":2},"end":{"line":132,"column":46}},"67":{"start":{"line":133,"column":2},"end":{"line":133,"column":48}},"68":{"start":{"line":138,"column":18},"end":{"line":140,"column":66}},"69":{"start":{"line":145,"column":18},"end":{"line":155,"column":1}},"70":{"start":{"line":157,"column":23},"end":{"line":160,"column":3}},"71":{"start":{"line":163,"column":2},"end":{"line":169,"column":3}},"72":{"start":{"line":164,"column":23},"end":{"line":164,"column":45}},"73":{"start":{"line":165,"column":4},"end":{"line":167,"column":5}},"74":{"start":{"line":166,"column":6},"end":{"line":166,"column":26}},"75":{"start":{"line":168,"column":4},"end":{"line":168,"column":83}},"76":{"start":{"line":171,"column":2},"end":{"line":174,"column":3}},"77":{"start":{"line":173,"column":4},"end":{"line":173,"column":68}},"78":{"start":{"line":176,"column":16},"end":{"line":176,"column":49}},"79":{"start":{"line":179,"column":2},"end":{"line":179,"column":20}},"80":{"start":{"line":180,"column":2},"end":{"line":180,"column":24}}},"fnMap":{"0":{"name":"(anonymous_0)","decl":{"start":{"line":8,"column":2},"end":{"line":8,"column":3}},"loc":{"start":{"line":8,"column":23},"end":{"line":10,"column":3}},"line":8},"1":{"name":"(anonymous_1)","decl":{"start":{"line":11,"column":2},"end":{"line":11,"column":3}},"loc":{"start":{"line":11,"column":45},"end":{"line":19,"column":3}},"line":11},"2":{"name":"(anonymous_2)","decl":{"start":{"line":20,"column":2},"end":{"line":20,"column":3}},"loc":{"start":{"line":20,"column":44},"end":{"line":23,"column":3}},"line":20},"3":{"name":"(anonymous_3)","decl":{"start":{"line":24,"column":2},"end":{"line":24,"column":3}},"loc":{"start":{"line":24,"column":16},"end":{"line":26,"column":3}},"line":24},"4":{"name":"(anonymous_4)","decl":{"start":{"line":25,"column":34},"end":{"line":25,"column":35}},"loc":{"start":{"line":25,"column":44},"end":{"line":25,"column":64}},"line":25},"5":{"name":"(anonymous_5)","decl":{"start":{"line":27,"column":2},"end":{"line":27,"column":3}},"loc":{"start":{"line":27,"column":17},"end":{"line":29,"column":3}},"line":27},"6":{"name":"(anonymous_6)","decl":{"start":{"line":28,"column":35},"end":{"line":28,"column":36}},"loc":{"start":{"line":28,"column":47},"end":{"line":28,"column":71}},"line":28},"7":{"name":"(anonymous_7)","decl":{"start":{"line":30,"column":2},"end":{"line":30,"column":3}},"loc":{"start":{"line":30,"column":21},"end":{"line":32,"column":3}},"line":30},"8":{"name":"(anonymous_8)","decl":{"start":{"line":31,"column":45},"end":{"line":31,"column":46}},"loc":{"start":{"line":31,"column":54},"end":{"line":31,"column":88}},"line":31},"9":{"name":"(anonymous_9)","decl":{"start":{"line":33,"column":2},"end":{"line":33,"column":3}},"loc":{"start":{"line":33,"column":22},"end":{"line":35,"column":3}},"line":33},"10":{"name":"(anonymous_10)","decl":{"start":{"line":34,"column":46},"end":{"line":34,"column":47}},"loc":{"start":{"line":34,"column":55},"end":{"line":34,"column":89}},"line":34},"11":{"name":"(anonymous_11)","decl":{"start":{"line":36,"column":2},"end":{"line":36,"column":3}},"loc":{"start":{"line":36,"column":14},"end":{"line":39,"column":3}},"line":36},"12":{"name":"(anonymous_12)","decl":{"start":{"line":40,"column":2},"end":{"line":40,"column":3}},"loc":{"start":{"line":40,"column":18},"end":{"line":42,"column":3}},"line":40},"13":{"name":"(anonymous_13)","decl":{"start":{"line":47,"column":29},"end":{"line":47,"column":30}},"loc":{"start":{"line":47,"column":41},"end":{"line":47,"column":116}},"line":47},"14":{"name":"(anonymous_14)","decl":{"start":{"line":47,"column":91},"end":{"line":47,"column":92}},"loc":{"start":{"line":47,"column":98},"end":{"line":47,"column":113}},"line":47},"15":{"name":"(anonymous_15)","decl":{"start":{"line":50,"column":28},"end":{"line":50,"column":29}},"loc":{"start":{"line":50,"column":37},"end":{"line":54,"column":1}},"line":50},"16":{"name":"(anonymous_16)","decl":{"start":{"line":56,"column":28},"end":{"line":56,"column":29}},"loc":{"start":{"line":56,"column":44},"end":{"line":70,"column":1}},"line":56},"17":{"name":"(anonymous_17)","decl":{"start":{"line":72,"column":22},"end":{"line":72,"column":23}},"loc":{"start":{"line":72,"column":33},"end":{"line":134,"column":1}},"line":72},"18":{"name":"(anonymous_18)","decl":{"start":{"line":79,"column":12},"end":{"line":79,"column":13}},"loc":{"start":{"line":79,"column":18},"end":{"line":79,"column":21}},"line":79},"19":{"name":"(anonymous_19)","decl":{"start":{"line":80,"column":11},"end":{"line":80,"column":12}},"loc":{"start":{"line":80,"column":17},"end":{"line":80,"column":20}},"line":80},"20":{"name":"(anonymous_20)","decl":{"start":{"line":81,"column":10},"end":{"line":81,"column":11}},"loc":{"start":{"line":81,"column":16},"end":{"line":81,"column":19}},"line":81},"21":{"name":"(anonymous_21)","decl":{"start":{"line":82,"column":9},"end":{"line":82,"column":10}},"loc":{"start":{"line":82,"column":15},"end":{"line":82,"column":18}},"line":82},"22":{"name":"(anonymous_22)","decl":{"start":{"line":85,"column":19},"end":{"line":85,"column":20}},"loc":{"start":{"line":85,"column":25},"end":{"line":85,"column":103}},"line":85},"23":{"name":"(anonymous_23)","decl":{"start":{"line":89,"column":18},"end":{"line":89,"column":19}},"loc":{"start":{"line":89,"column":28},"end":{"line":95,"column":3}},"line":89},"24":{"name":"(anonymous_24)","decl":{"start":{"line":97,"column":19},"end":{"line":97,"column":20}},"loc":{"start":{"line":97,"column":31},"end":{"line":107,"column":3}},"line":97},"25":{"name":"(anonymous_25)","decl":{"start":{"line":109,"column":16},"end":{"line":109,"column":17}},"loc":{"start":{"line":109,"column":25},"end":{"line":122,"column":3}},"line":109},"26":{"name":"(anonymous_26)","decl":{"start":{"line":124,"column":21},"end":{"line":124,"column":22}},"loc":{"start":{"line":124,"column":26},"end":{"line":130,"column":3}},"line":124},"27":{"name":"(anonymous_27)","decl":{"start":{"line":136,"column":15},"end":{"line":136,"column":16}},"loc":{"start":{"line":136,"column":32},"end":{"line":181,"column":1}},"line":136}},"branchMap":{"0":{"loc":{"start":{"line":4,"column":14},"end":{"line":4,"column":62}},"type":"binary-expr","locations":[{"start":{"line":4,"column":14},"end":{"line":4,"column":43}},{"start":{"line":4,"column":47},"end":{"line":4,"column":62}}],"line":4},"1":{"loc":{"start":{"line":11,"column":26},"end":{"line":11,"column":43}},"type":"default-arg","locations":[{"start":{"line":11,"column":35},"end":{"line":11,"column":43}}],"line":11},"2":{"loc":{"start":{"line":12,"column":22},"end":{"line":12,"column":65}},"type":"cond-expr","locations":[{"start":{"line":12,"column":46},"end":{"line":12,"column":52}},{"start":{"line":12,"column":55},"end":{"line":12,"column":65}}],"line":12},"3":{"loc":{"start":{"line":13,"column":6},"end":{"line":16,"column":7}},"type":"if","locations":[{"start":{"line":13,"column":6},"end":{"line":16,"column":7}},{"start":{"line":13,"column":6},"end":{"line":16,"column":7}}],"line":13},"4":{"loc":{"start":{"line":20,"column":25},"end":{"line":20,"column":42}},"type":"default-arg","locations":[{"start":{"line":20,"column":34},"end":{"line":20,"column":42}}],"line":20},"5":{"loc":{"start":{"line":21,"column":18},"end":{"line":21,"column":66}},"type":"cond-expr","locations":[{"start":{"line":21,"column":27},"end":{"line":21,"column":31}},{"start":{"line":21,"column":34},"end":{"line":21,"column":66}}],"line":21},"6":{"loc":{"start":{"line":21,"column":35},"end":{"line":21,"column":57}},"type":"cond-expr","locations":[{"start":{"line":21,"column":42},"end":{"line":21,"column":52}},{"start":{"line":21,"column":55},"end":{"line":21,"column":57}}],"line":21},"7":{"loc":{"start":{"line":25,"column":44},"end":{"line":25,"column":64}},"type":"binary-expr","locations":[{"start":{"line":25,"column":44},"end":{"line":25,"column":54}},{"start":{"line":25,"column":58},"end":{"line":25,"column":64}}],"line":25},"8":{"loc":{"start":{"line":28,"column":47},"end":{"line":28,"column":71}},"type":"binary-expr","locations":[{"start":{"line":28,"column":47},"end":{"line":28,"column":59}},{"start":{"line":28,"column":63},"end":{"line":28,"column":71}}],"line":28},"9":{"loc":{"start":{"line":31,"column":54},"end":{"line":31,"column":88}},"type":"binary-expr","locations":[{"start":{"line":31,"column":54},"end":{"line":31,"column":63}},{"start":{"line":31,"column":67},"end":{"line":31,"column":88}}],"line":31},"10":{"loc":{"start":{"line":34,"column":55},"end":{"line":34,"column":89}},"type":"binary-expr","locations":[{"start":{"line":34,"column":55},"end":{"line":34,"column":64}},{"start":{"line":34,"column":68},"end":{"line":34,"column":89}}],"line":34},"11":{"loc":{"start":{"line":47,"column":98},"end":{"line":47,"column":113}},"type":"binary-expr","locations":[{"start":{"line":47,"column":98},"end":{"line":47,"column":101}},{"start":{"line":47,"column":105},"end":{"line":47,"column":113}}],"line":47},"12":{"loc":{"start":{"line":73,"column":2},"end":{"line":75,"column":3}},"type":"if","locations":[{"start":{"line":73,"column":2},"end":{"line":75,"column":3}},{"start":{"line":73,"column":2},"end":{"line":75,"column":3}}],"line":73},"13":{"loc":{"start":{"line":85,"column":25},"end":{"line":85,"column":103}},"type":"cond-expr","locations":[{"start":{"line":85,"column":75},"end":{"line":85,"column":89}},{"start":{"line":85,"column":92},"end":{"line":85,"column":103}}],"line":85},"14":{"loc":{"start":{"line":85,"column":26},"end":{"line":85,"column":71}},"type":"binary-expr","locations":[{"start":{"line":85,"column":26},"end":{"line":85,"column":31}},{"start":{"line":85,"column":35},"end":{"line":85,"column":49}},{"start":{"line":85,"column":53},"end":{"line":85,"column":71}}],"line":85},"15":{"loc":{"start":{"line":90,"column":4},"end":{"line":92,"column":5}},"type":"if","locations":[{"start":{"line":90,"column":4},"end":{"line":92,"column":5}},{"start":{"line":90,"column":4},"end":{"line":92,"column":5}}],"line":90},"16":{"loc":{"start":{"line":90,"column":8},"end":{"line":90,"column":43}},"type":"binary-expr","locations":[{"start":{"line":90,"column":8},"end":{"line":90,"column":14}},{"start":{"line":90,"column":18},"end":{"line":90,"column":43}}],"line":90},"17":{"loc":{"start":{"line":98,"column":4},"end":{"line":100,"column":5}},"type":"if","locations":[{"start":{"line":98,"column":4},"end":{"line":100,"column":5}},{"start":{"line":98,"column":4},"end":{"line":100,"column":5}}],"line":98},"18":{"loc":{"start":{"line":98,"column":8},"end":{"line":98,"column":73}},"type":"binary-expr","locations":[{"start":{"line":98,"column":8},"end":{"line":98,"column":16}},{"start":{"line":98,"column":20},"end":{"line":98,"column":35}},{"start":{"line":98,"column":39},"end":{"line":98,"column":73}}],"line":98},"19":{"loc":{"start":{"line":103,"column":4},"end":{"line":106,"column":5}},"type":"if","locations":[{"start":{"line":103,"column":4},"end":{"line":106,"column":5}},{"start":{"line":103,"column":4},"end":{"line":106,"column":5}}],"line":103},"20":{"loc":{"start":{"line":110,"column":4},"end":{"line":112,"column":5}},"type":"if","locations":[{"start":{"line":110,"column":4},"end":{"line":112,"column":5}},{"start":{"line":110,"column":4},"end":{"line":112,"column":5}}],"line":110},"21":{"loc":{"start":{"line":110,"column":8},"end":{"line":110,"column":64}},"type":"binary-expr","locations":[{"start":{"line":110,"column":8},"end":{"line":110,"column":13}},{"start":{"line":110,"column":17},"end":{"line":110,"column":29}},{"start":{"line":110,"column":33},"end":{"line":110,"column":64}}],"line":110},"22":{"loc":{"start":{"line":116,"column":4},"end":{"line":118,"column":5}},"type":"if","locations":[{"start":{"line":116,"column":4},"end":{"line":118,"column":5}},{"start":{"line":116,"column":4},"end":{"line":118,"column":5}}],"line":116},"23":{"loc":{"start":{"line":125,"column":4},"end":{"line":127,"column":5}},"type":"if","locations":[{"start":{"line":125,"column":4},"end":{"line":127,"column":5}},{"start":{"line":125,"column":4},"end":{"line":127,"column":5}}],"line":125},"24":{"loc":{"start":{"line":138,"column":18},"end":{"line":140,"column":66}},"type":"cond-expr","locations":[{"start":{"line":139,"column":8},"end":{"line":139,"column":32}},{"start":{"line":140,"column":9},"end":{"line":140,"column":65}}],"line":138},"25":{"loc":{"start":{"line":140,"column":9},"end":{"line":140,"column":65}},"type":"binary-expr","locations":[{"start":{"line":140,"column":9},"end":{"line":140,"column":37}},{"start":{"line":140,"column":41},"end":{"line":140,"column":65}}],"line":140},"26":{"loc":{"start":{"line":163,"column":2},"end":{"line":169,"column":3}},"type":"if","locations":[{"start":{"line":163,"column":2},"end":{"line":169,"column":3}},{"start":{"line":163,"column":2},"end":{"line":169,"column":3}}],"line":163},"27":{"loc":{"start":{"line":163,"column":6},"end":{"line":163,"column":50}},"type":"binary-expr","locations":[{"start":{"line":163,"column":6},"end":{"line":163,"column":20}},{"start":{"line":163,"column":24},"end":{"line":163,"column":31}},{"start":{"line":163,"column":35},"end":{"line":163,"column":50}}],"line":163},"28":{"loc":{"start":{"line":171,"column":2},"end":{"line":174,"column":3}},"type":"if","locations":[{"start":{"line":171,"column":2},"end":{"line":174,"column":3}},{"start":{"line":171,"column":2},"end":{"line":174,"column":3}}],"line":171}},"s":{"0":1,"1":1,"2":0,"3":0,"4":0,"5":0,"6":0,"7":0,"8":0,"9":0,"10":1,"11":0,"12":1,"13":0,"14":1,"15":0,"16":1,"17":0,"18":1,"19":1,"20":0,"21":1,"22":8,"23":0,"24":0,"25":1,"26":1,"27":17,"28":1,"29":1,"30":1,"31":1,"32":1,"33":1,"34":1,"35":1,"36":1,"37":0,"38":1,"39":1,"40":0,"41":1,"42":1,"43":0,"44":0,"45":0,"46":1,"47":0,"48":0,"49":0,"50":0,"51":0,"52":0,"53":1,"54":0,"55":0,"56":0,"57":0,"58":0,"59":0,"60":0,"61":1,"62":0,"63":0,"64":0,"65":0,"66":1,"67":1,"68":1,"69":1,"70":1,"71":1,"72":0,"73":0,"74":0,"75":0,"76":1,"77":0,"78":1,"79":1,"80":1},"f":{"0":0,"1":0,"2":0,"3":1,"4":0,"5":1,"6":0,"7":1,"8":0,"9":1,"10":0,"11":1,"12":0,"13":0,"14":0,"15":1,"16":1,"17":1,"18":0,"19":0,"20":0,"21":0,"22":0,"23":0,"24":0,"25":0,"26":0,"27":1},"b":{"0":[1,1],"1":[0],"2":[0,0],"3":[0,0],"4":[0],"5":[0,0],"6":[0,0],"7":[0,0],"8":[0,0],"9":[0,0],"10":[0,0],"11":[0,0],"12":[0,1],"13":[0,0],"14":[0,0,0],"15":[0,0],"16":[0,0],"17":[0,0],"18":[0,0,0],"19":[0,0],"20":[0,0],"21":[0,0,0],"22":[0,0],"23":[0,0],"24":[1,0],"25":[0,0],"26":[0,1],"27":[1,0,0],"28":[0,1]},"_coverageSchema":"1a1c01bbd47fc00a2c39e90264f33305004495a9","hash":"3429caaf74f985a774bd41e97ed83fb8e956441f"}
,"/usr/src/app/.nuxt/client.js": {"path":"/usr/src/app/.nuxt/client.js","statementMap":{"0":{"start":{"line":24,"column":0},"end":{"line":27,"column":1}},"1":{"start":{"line":25,"column":2},"end":{"line":25,"column":23}},"2":{"start":{"line":26,"column":2},"end":{"line":26,"column":35}},"3":{"start":{"line":30,"column":0},"end":{"line":30,"column":38}},"4":{"start":{"line":31,"column":0},"end":{"line":31,"column":32}},"5":{"start":{"line":33,"column":0},"end":{"line":33,"column":43}},"6":{"start":{"line":33,"column":21},"end":{"line":33,"column":41}},"7":{"start":{"line":36,"column":17},"end":{"line":36,"column":19}},"8":{"start":{"line":41,"column":13},"end":{"line":41,"column":34}},"9":{"start":{"line":43,"column":0},"end":{"line":43,"column":62}},"10":{"start":{"line":45,"column":13},"end":{"line":45,"column":28}},"11":{"start":{"line":46,"column":2},"end":{"line":52,"column":1}},"12":{"start":{"line":47,"column":21},"end":{"line":47,"column":114}},"13":{"start":{"line":48,"column":2},"end":{"line":48,"column":59}},"14":{"start":{"line":49,"column":2},"end":{"line":49,"column":79}},"15":{"start":{"line":49,"column":25},"end":{"line":49,"column":78}},"16":{"start":{"line":50,"column":2},"end":{"line":50,"column":18}},"17":{"start":{"line":51,"column":2},"end":{"line":51,"column":40}},"18":{"start":{"line":55,"column":0},"end":{"line":89,"column":1}},"19":{"start":{"line":56,"column":30},"end":{"line":56,"column":53}},"20":{"start":{"line":57,"column":2},"end":{"line":87,"column":3}},"21":{"start":{"line":59,"column":18},"end":{"line":59,"column":22}},"22":{"start":{"line":60,"column":4},"end":{"line":62,"column":5}},"23":{"start":{"line":61,"column":6},"end":{"line":61,"column":59}},"24":{"start":{"line":63,"column":4},"end":{"line":65,"column":5}},"25":{"start":{"line":64,"column":6},"end":{"line":64,"column":20}},"26":{"start":{"line":67,"column":4},"end":{"line":75,"column":5}},"27":{"start":{"line":68,"column":22},"end":{"line":69,"column":53}},"28":{"start":{"line":69,"column":30},"end":{"line":69,"column":52}},"29":{"start":{"line":72,"column":6},"end":{"line":74,"column":7}},"30":{"start":{"line":73,"column":8},"end":{"line":73,"column":36}},"31":{"start":{"line":77,"column":4},"end":{"line":79,"column":5}},"32":{"start":{"line":78,"column":6},"end":{"line":78,"column":20}},"33":{"start":{"line":82,"column":4},"end":{"line":86,"column":5}},"34":{"start":{"line":83,"column":6},"end":{"line":83,"column":24}},"35":{"start":{"line":85,"column":6},"end":{"line":85,"column":39}},"36":{"start":{"line":88,"column":2},"end":{"line":88,"column":23}},"37":{"start":{"line":90,"column":0},"end":{"line":90,"column":29}},"38":{"start":{"line":92,"column":21},"end":{"line":92,"column":61}},"39":{"start":{"line":95,"column":0},"end":{"line":95,"column":46}},"40":{"start":{"line":98,"column":2},"end":{"line":100,"column":3}},"41":{"start":{"line":99,"column":4},"end":{"line":99,"column":13}},"42":{"start":{"line":101,"column":17},"end":{"line":101,"column":39}},"43":{"start":{"line":102,"column":2},"end":{"line":104,"column":3}},"44":{"start":{"line":103,"column":4},"end":{"line":103,"column":26}},"45":{"start":{"line":105,"column":2},"end":{"line":105,"column":15}},"46":{"start":{"line":109,"column":31},"end":{"line":112,"column":3}},"47":{"start":{"line":110,"column":23},"end":{"line":110,"column":79}},"48":{"start":{"line":111,"column":4},"end":{"line":111,"column":79}},"49":{"start":{"line":114,"column":25},"end":{"line":114,"column":63}},"50":{"start":{"line":115,"column":19},"end":{"line":115,"column":71}},"51":{"start":{"line":117,"column":28},"end":{"line":117,"column":30}},"52":{"start":{"line":118,"column":2},"end":{"line":129,"column":3}},"53":{"start":{"line":118,"column":13},"end":{"line":118,"column":14}},"54":{"start":{"line":120,"column":26},"end":{"line":120,"column":82}},"55":{"start":{"line":121,"column":24},"end":{"line":121,"column":82}},"56":{"start":{"line":124,"column":4},"end":{"line":126,"column":68}},"57":{"start":{"line":125,"column":23},"end":{"line":125,"column":104}},"58":{"start":{"line":126,"column":28},"end":{"line":126,"column":65}},"59":{"start":{"line":128,"column":4},"end":{"line":128,"column":39}},"60":{"start":{"line":130,"column":2},"end":{"line":130,"column":26}},"61":{"start":{"line":135,"column":2},"end":{"line":135,"column":69}},"62":{"start":{"line":136,"column":2},"end":{"line":136,"column":67}},"63":{"start":{"line":137,"column":2},"end":{"line":137,"column":75}},"64":{"start":{"line":138,"column":2},"end":{"line":138,"column":82}},"65":{"start":{"line":140,"column":2},"end":{"line":142,"column":3}},"66":{"start":{"line":141,"column":4},"end":{"line":141,"column":25}},"67":{"start":{"line":144,"column":2},"end":{"line":186,"column":3}},"68":{"start":{"line":145,"column":4},"end":{"line":167,"column":5}},"69":{"start":{"line":146,"column":25},"end":{"line":149,"column":7}},"70":{"start":{"line":148,"column":34},"end":{"line":148,"column":57}},"71":{"start":{"line":151,"column":26},"end":{"line":163,"column":8}},"72":{"start":{"line":152,"column":27},"end":{"line":152,"column":55}},"73":{"start":{"line":153,"column":8},"end":{"line":155,"column":9}},"74":{"start":{"line":154,"column":10},"end":{"line":154,"column":21}},"75":{"start":{"line":156,"column":8},"end":{"line":158,"column":9}},"76":{"start":{"line":157,"column":10},"end":{"line":157,"column":61}},"77":{"start":{"line":157,"column":40},"end":{"line":157,"column":60}},"78":{"start":{"line":159,"column":8},"end":{"line":161,"column":9}},"79":{"start":{"line":160,"column":10},"end":{"line":160,"column":67}},"80":{"start":{"line":162,"column":8},"end":{"line":162,"column":20}},"81":{"start":{"line":164,"column":6},"end":{"line":166,"column":7}},"82":{"start":{"line":165,"column":8},"end":{"line":165,"column":29}},"83":{"start":{"line":170,"column":4},"end":{"line":170,"column":10}},"84":{"start":{"line":172,"column":16},"end":{"line":172,"column":27}},"85":{"start":{"line":173,"column":23},"end":{"line":173,"column":99}},"86":{"start":{"line":174,"column":20},"end":{"line":174,"column":37}},"87":{"start":{"line":178,"column":4},"end":{"line":181,"column":5}},"88":{"start":{"line":179,"column":6},"end":{"line":179,"column":51}},"89":{"start":{"line":180,"column":6},"end":{"line":180,"column":12}},"90":{"start":{"line":183,"column":4},"end":{"line":183,"column":39}},"91":{"start":{"line":184,"column":4},"end":{"line":184,"column":51}},"92":{"start":{"line":185,"column":4},"end":{"line":185,"column":10}},"93":{"start":{"line":190,"column":2},"end":{"line":192,"column":3}},"94":{"start":{"line":191,"column":4},"end":{"line":191,"column":38}},"95":{"start":{"line":194,"column":2},"end":{"line":194,"column":29}},"96":{"start":{"line":195,"column":2},"end":{"line":195,"column":18}},"97":{"start":{"line":200,"column":15},"end":{"line":200,"column":68}},"98":{"start":{"line":202,"column":2},"end":{"line":211,"column":4}},"99":{"start":{"line":204,"column":4},"end":{"line":206,"column":5}},"100":{"start":{"line":205,"column":6},"end":{"line":205,"column":35}},"101":{"start":{"line":208,"column":23},"end":{"line":208,"column":102}},"102":{"start":{"line":209,"column":4},"end":{"line":209,"column":38}},"103":{"start":{"line":210,"column":4},"end":{"line":210,"column":21}},"104":{"start":{"line":215,"column":13},"end":{"line":215,"column":15}},"105":{"start":{"line":216,"column":26},"end":{"line":216,"column":31}},"106":{"start":{"line":219,"column":2},"end":{"line":230,"column":3}},"107":{"start":{"line":220,"column":4},"end":{"line":220,"column":13}},"108":{"start":{"line":221,"column":4},"end":{"line":221,"column":38}},"109":{"start":{"line":222,"column":4},"end":{"line":224,"column":5}},"110":{"start":{"line":223,"column":6},"end":{"line":223,"column":51}},"111":{"start":{"line":225,"column":4},"end":{"line":229,"column":6}},"112":{"start":{"line":226,"column":6},"end":{"line":228,"column":7}},"113":{"start":{"line":227,"column":8},"end":{"line":227,"column":56}},"114":{"start":{"line":232,"column":2},"end":{"line":241,"column":4}},"115":{"start":{"line":233,"column":4},"end":{"line":235,"column":5}},"116":{"start":{"line":234,"column":6},"end":{"line":234,"column":17}},"117":{"start":{"line":236,"column":4},"end":{"line":239,"column":5}},"118":{"start":{"line":237,"column":6},"end":{"line":237,"column":30}},"119":{"start":{"line":238,"column":6},"end":{"line":238,"column":76}},"120":{"start":{"line":240,"column":4},"end":{"line":240,"column":27}},"121":{"start":{"line":243,"column":2},"end":{"line":245,"column":3}},"122":{"start":{"line":244,"column":4},"end":{"line":244,"column":10}},"123":{"start":{"line":246,"column":2},"end":{"line":246,"column":40}},"124":{"start":{"line":250,"column":2},"end":{"line":252,"column":3}},"125":{"start":{"line":251,"column":4},"end":{"line":251,"column":17}},"126":{"start":{"line":254,"column":2},"end":{"line":261,"column":3}},"127":{"start":{"line":255,"column":4},"end":{"line":255,"column":19}},"128":{"start":{"line":257,"column":24},"end":{"line":257,"column":26}},"129":{"start":{"line":258,"column":4},"end":{"line":260,"column":6}},"130":{"start":{"line":259,"column":6},"end":{"line":259,"column":68}},"131":{"start":{"line":264,"column":19},"end":{"line":264,"column":24}},"132":{"start":{"line":265,"column":16},"end":{"line":280,"column":3}},"133":{"start":{"line":266,"column":4},"end":{"line":268,"column":5}},"134":{"start":{"line":267,"column":6},"end":{"line":267,"column":28}},"135":{"start":{"line":270,"column":4},"end":{"line":272,"column":5}},"136":{"start":{"line":271,"column":6},"end":{"line":271,"column":27}},"137":{"start":{"line":274,"column":4},"end":{"line":276,"column":5}},"138":{"start":{"line":275,"column":6},"end":{"line":275,"column":12}},"139":{"start":{"line":278,"column":4},"end":{"line":278,"column":21}},"140":{"start":{"line":279,"column":4},"end":{"line":279,"column":14}},"141":{"start":{"line":283,"column":2},"end":{"line":287,"column":4}},"142":{"start":{"line":288,"column":2},"end":{"line":288,"column":40}},"143":{"start":{"line":289,"column":2},"end":{"line":289,"column":40}},"144":{"start":{"line":292,"column":18},"end":{"line":292,"column":20}},"145":{"start":{"line":293,"column":21},"end":{"line":293,"column":54}},"146":{"start":{"line":296,"column":2},"end":{"line":319,"column":3}},"147":{"start":{"line":298,"column":4},"end":{"line":298,"column":60}},"148":{"start":{"line":299,"column":4},"end":{"line":301,"column":5}},"149":{"start":{"line":300,"column":6},"end":{"line":300,"column":12}},"150":{"start":{"line":304,"column":24},"end":{"line":304,"column":63}},"151":{"start":{"line":305,"column":19},"end":{"line":309,"column":5}},"152":{"start":{"line":311,"column":4},"end":{"line":311,"column":68}},"153":{"start":{"line":312,"column":4},"end":{"line":314,"column":5}},"154":{"start":{"line":313,"column":6},"end":{"line":313,"column":12}},"155":{"start":{"line":317,"column":4},"end":{"line":317,"column":83}},"156":{"start":{"line":318,"column":4},"end":{"line":318,"column":17}},"157":{"start":{"line":322,"column":2},"end":{"line":327,"column":4}},"158":{"start":{"line":323,"column":4},"end":{"line":326,"column":5}},"159":{"start":{"line":324,"column":6},"end":{"line":324,"column":69}},"160":{"start":{"line":325,"column":6},"end":{"line":325,"column":61}},"161":{"start":{"line":330,"column":2},"end":{"line":330,"column":59}},"162":{"start":{"line":332,"column":2},"end":{"line":491,"column":3}},"163":{"start":{"line":334,"column":4},"end":{"line":334,"column":60}},"164":{"start":{"line":335,"column":4},"end":{"line":337,"column":5}},"165":{"start":{"line":336,"column":6},"end":{"line":336,"column":12}},"166":{"start":{"line":338,"column":4},"end":{"line":340,"column":5}},"167":{"start":{"line":339,"column":6},"end":{"line":339,"column":19}},"168":{"start":{"line":343,"column":17},"end":{"line":343,"column":45}},"169":{"start":{"line":344,"column":4},"end":{"line":346,"column":5}},"170":{"start":{"line":345,"column":6},"end":{"line":345,"column":34}},"171":{"start":{"line":347,"column":4},"end":{"line":347,"column":42}},"172":{"start":{"line":350,"column":4},"end":{"line":350,"column":68}},"173":{"start":{"line":351,"column":4},"end":{"line":353,"column":5}},"174":{"start":{"line":352,"column":6},"end":{"line":352,"column":12}},"175":{"start":{"line":354,"column":4},"end":{"line":356,"column":5}},"176":{"start":{"line":355,"column":6},"end":{"line":355,"column":19}},"177":{"start":{"line":359,"column":18},"end":{"line":359,"column":22}},"178":{"start":{"line":360,"column":4},"end":{"line":379,"column":5}},"179":{"start":{"line":361,"column":6},"end":{"line":371,"column":7}},"180":{"start":{"line":362,"column":8},"end":{"line":364,"column":9}},"181":{"start":{"line":363,"column":10},"end":{"line":363,"column":18}},"182":{"start":{"line":366,"column":8},"end":{"line":366,"column":63}},"183":{"start":{"line":368,"column":8},"end":{"line":370,"column":9}},"184":{"start":{"line":369,"column":10},"end":{"line":369,"column":15}},"185":{"start":{"line":374,"column":6},"end":{"line":377,"column":8}},"186":{"start":{"line":378,"column":6},"end":{"line":378,"column":19}},"187":{"start":{"line":382,"column":4},"end":{"line":385,"column":5}},"188":{"start":{"line":383,"column":6},"end":{"line":383,"column":78}},"189":{"start":{"line":384,"column":6},"end":{"line":384,"column":19}},"190":{"start":{"line":389,"column":4},"end":{"line":462,"column":7}},"191":{"start":{"line":391,"column":6},"end":{"line":391,"column":71}},"192":{"start":{"line":392,"column":6},"end":{"line":392,"column":36}},"193":{"start":{"line":393,"column":31},"end":{"line":393,"column":64}},"194":{"start":{"line":398,"column":6},"end":{"line":415,"column":7}},"195":{"start":{"line":399,"column":8},"end":{"line":399,"column":37}},"196":{"start":{"line":400,"column":13},"end":{"line":415,"column":7}},"197":{"start":{"line":401,"column":27},"end":{"line":401,"column":55}},"198":{"start":{"line":402,"column":8},"end":{"line":402,"column":53}},"199":{"start":{"line":403,"column":13},"end":{"line":415,"column":7}},"200":{"start":{"line":404,"column":27},"end":{"line":404,"column":55}},"201":{"start":{"line":405,"column":8},"end":{"line":414,"column":9}},"202":{"start":{"line":406,"column":10},"end":{"line":406,"column":39}},"203":{"start":{"line":407,"column":15},"end":{"line":414,"column":9}},"204":{"start":{"line":408,"column":10},"end":{"line":408,"column":79}},"205":{"start":{"line":408,"column":58},"end":{"line":408,"column":78}},"206":{"start":{"line":409,"column":15},"end":{"line":414,"column":9}},"207":{"start":{"line":410,"column":10},"end":{"line":412,"column":11}},"208":{"start":{"line":411,"column":12},"end":{"line":411,"column":57}},"209":{"start":{"line":413,"column":10},"end":{"line":413,"column":89}},"210":{"start":{"line":416,"column":6},"end":{"line":418,"column":7}},"211":{"start":{"line":417,"column":8},"end":{"line":417,"column":14}},"212":{"start":{"line":420,"column":23},"end":{"line":420,"column":25}},"213":{"start":{"line":423,"column":8},"end":{"line":424,"column":57}},"214":{"start":{"line":427,"column":23},"end":{"line":427,"column":89}},"215":{"start":{"line":429,"column":30},"end":{"line":429,"column":66}},"216":{"start":{"line":432,"column":6},"end":{"line":442,"column":7}},"217":{"start":{"line":433,"column":24},"end":{"line":440,"column":12}},"218":{"start":{"line":435,"column":12},"end":{"line":435,"column":54}},"219":{"start":{"line":437,"column":12},"end":{"line":439,"column":13}},"220":{"start":{"line":438,"column":14},"end":{"line":438,"column":53}},"221":{"start":{"line":441,"column":8},"end":{"line":441,"column":30}},"222":{"start":{"line":445,"column":6},"end":{"line":445,"column":64}},"223":{"start":{"line":448,"column":6},"end":{"line":459,"column":7}},"224":{"start":{"line":449,"column":16},"end":{"line":449,"column":52}},"225":{"start":{"line":450,"column":8},"end":{"line":452,"column":9}},"226":{"start":{"line":451,"column":10},"end":{"line":451,"column":32}},"227":{"start":{"line":453,"column":8},"end":{"line":457,"column":10}},"228":{"start":{"line":454,"column":10},"end":{"line":456,"column":11}},"229":{"start":{"line":455,"column":12},"end":{"line":455,"column":51}},"230":{"start":{"line":458,"column":8},"end":{"line":458,"column":24}},"231":{"start":{"line":461,"column":6},"end":{"line":461,"column":34}},"232":{"start":{"line":465,"column":4},"end":{"line":471,"column":5}},"233":{"start":{"line":466,"column":6},"end":{"line":468,"column":7}},"234":{"start":{"line":467,"column":8},"end":{"line":467,"column":30}},"235":{"start":{"line":470,"column":6},"end":{"line":470,"column":12}},"236":{"start":{"line":473,"column":18},"end":{"line":473,"column":27}},"237":{"start":{"line":474,"column":4},"end":{"line":476,"column":5}},"238":{"start":{"line":475,"column":6},"end":{"line":475,"column":62}},"239":{"start":{"line":477,"column":4},"end":{"line":477,"column":19}},"240":{"start":{"line":479,"column":4},"end":{"line":479,"column":28}},"241":{"start":{"line":482,"column":17},"end":{"line":482,"column":56}},"242":{"start":{"line":483,"column":4},"end":{"line":485,"column":5}},"243":{"start":{"line":484,"column":6},"end":{"line":484,"column":34}},"244":{"start":{"line":486,"column":4},"end":{"line":486,"column":33}},"245":{"start":{"line":488,"column":4},"end":{"line":488,"column":21}},"246":{"start":{"line":489,"column":4},"end":{"line":489,"column":53}},"247":{"start":{"line":490,"column":4},"end":{"line":490,"column":10}},"248":{"start":{"line":496,"column":2},"end":{"line":504,"column":4}},"249":{"start":{"line":497,"column":4},"end":{"line":502,"column":5}},"250":{"start":{"line":499,"column":6},"end":{"line":499,"column":39}},"251":{"start":{"line":500,"column":6},"end":{"line":500,"column":33}},"252":{"start":{"line":501,"column":6},"end":{"line":501,"column":39}},"253":{"start":{"line":503,"column":4},"end":{"line":503,"column":20}},"254":{"start":{"line":509,"column":2},"end":{"line":511,"column":3}},"255":{"start":{"line":510,"column":4},"end":{"line":510,"column":16}},"256":{"start":{"line":514,"column":15},"end":{"line":516,"column":53}},"257":{"start":{"line":518,"column":2},"end":{"line":520,"column":3}},"258":{"start":{"line":519,"column":4},"end":{"line":519,"column":32}},"259":{"start":{"line":521,"column":2},"end":{"line":521,"column":24}},"260":{"start":{"line":527,"column":2},"end":{"line":529,"column":3}},"261":{"start":{"line":528,"column":4},"end":{"line":528,"column":10}},"262":{"start":{"line":531,"column":20},"end":{"line":531,"column":53}},"263":{"start":{"line":532,"column":21},"end":{"line":532,"column":45}},"264":{"start":{"line":534,"column":2},"end":{"line":561,"column":4}},"265":{"start":{"line":535,"column":4},"end":{"line":556,"column":6}},"266":{"start":{"line":536,"column":6},"end":{"line":538,"column":7}},"267":{"start":{"line":537,"column":8},"end":{"line":537,"column":14}},"268":{"start":{"line":540,"column":6},"end":{"line":555,"column":7}},"269":{"start":{"line":546,"column":24},"end":{"line":546,"column":72}},"270":{"start":{"line":547,"column":8},"end":{"line":549,"column":9}},"271":{"start":{"line":548,"column":10},"end":{"line":548,"column":52}},"272":{"start":{"line":552,"column":8},"end":{"line":554,"column":10}},"273":{"start":{"line":553,"column":10},"end":{"line":553,"column":45}},"274":{"start":{"line":557,"column":4},"end":{"line":557,"column":31}},"275":{"start":{"line":560,"column":4},"end":{"line":560,"column":45}},"276":{"start":{"line":560,"column":21},"end":{"line":560,"column":39}},"277":{"start":{"line":565,"column":2},"end":{"line":569,"column":4}},"278":{"start":{"line":566,"column":4},"end":{"line":568,"column":5}},"279":{"start":{"line":567,"column":6},"end":{"line":567,"column":14}},"280":{"start":{"line":571,"column":2},"end":{"line":573,"column":3}},"281":{"start":{"line":572,"column":4},"end":{"line":572,"column":30}},"282":{"start":{"line":575,"column":2},"end":{"line":578,"column":4}},"283":{"start":{"line":577,"column":4},"end":{"line":577,"column":66}},"284":{"start":{"line":577,"column":23},"end":{"line":577,"column":65}},"285":{"start":{"line":581,"column":17},"end":{"line":581,"column":36}},"286":{"start":{"line":581,"column":25},"end":{"line":581,"column":34}},"287":{"start":{"line":582,"column":18},"end":{"line":582,"column":26}},"288":{"start":{"line":586,"column":2},"end":{"line":593,"column":4}},"289":{"start":{"line":587,"column":4},"end":{"line":589,"column":5}},"290":{"start":{"line":587,"column":80},"end":{"line":587,"column":124}},"291":{"start":{"line":588,"column":6},"end":{"line":588,"column":30}},"292":{"start":{"line":590,"column":4},"end":{"line":592,"column":5}},"293":{"start":{"line":591,"column":6},"end":{"line":591,"column":49}},"294":{"start":{"line":595,"column":2},"end":{"line":595,"column":20}},"295":{"start":{"line":599,"column":2},"end":{"line":599,"column":25}},"296":{"start":{"line":599,"column":19},"end":{"line":599,"column":25}},"297":{"start":{"line":601,"column":20},"end":{"line":601,"column":58}},"298":{"start":{"line":603,"column":2},"end":{"line":603,"column":46}},"299":{"start":{"line":607,"column":2},"end":{"line":607,"column":50}},"300":{"start":{"line":607,"column":44},"end":{"line":607,"column":50}},"301":{"start":{"line":608,"column":2},"end":{"line":608,"column":45}},"302":{"start":{"line":610,"column":21},"end":{"line":610,"column":69}},"303":{"start":{"line":612,"column":2},"end":{"line":689,"column":3}},"304":{"start":{"line":613,"column":21},"end":{"line":613,"column":62}},"305":{"start":{"line":614,"column":20},"end":{"line":614,"column":37}},"306":{"start":{"line":615,"column":4},"end":{"line":617,"column":5}},"307":{"start":{"line":616,"column":6},"end":{"line":616,"column":27}},"308":{"start":{"line":618,"column":4},"end":{"line":622,"column":5}},"309":{"start":{"line":620,"column":6},"end":{"line":620,"column":39}},"310":{"start":{"line":621,"column":6},"end":{"line":621,"column":33}},"311":{"start":{"line":623,"column":4},"end":{"line":623,"column":16}},"312":{"start":{"line":624,"column":19},"end":{"line":624,"column":21}},"313":{"start":{"line":625,"column":17},"end":{"line":628,"column":5}},"314":{"start":{"line":626,"column":6},"end":{"line":626,"column":52}},"315":{"start":{"line":627,"column":6},"end":{"line":627,"column":23}},"316":{"start":{"line":629,"column":4},"end":{"line":633,"column":6}},"317":{"start":{"line":634,"column":20},"end":{"line":634,"column":31}},"318":{"start":{"line":636,"column":4},"end":{"line":638,"column":5}},"319":{"start":{"line":637,"column":6},"end":{"line":637,"column":27}},"320":{"start":{"line":640,"column":4},"end":{"line":688,"column":6}},"321":{"start":{"line":643,"column":6},"end":{"line":645,"column":7}},"322":{"start":{"line":644,"column":8},"end":{"line":644,"column":14}},"323":{"start":{"line":647,"column":19},"end":{"line":647,"column":56}},"324":{"start":{"line":648,"column":6},"end":{"line":650,"column":7}},"325":{"start":{"line":649,"column":8},"end":{"line":649,"column":32}},"326":{"start":{"line":651,"column":6},"end":{"line":653,"column":7}},"327":{"start":{"line":652,"column":8},"end":{"line":652,"column":14}},"328":{"start":{"line":654,"column":20},"end":{"line":654,"column":43}},"329":{"start":{"line":655,"column":6},"end":{"line":658,"column":8}},"330":{"start":{"line":656,"column":8},"end":{"line":656,"column":30}},"331":{"start":{"line":657,"column":8},"end":{"line":657,"column":46}},"332":{"start":{"line":657,"column":27},"end":{"line":657,"column":45}},"333":{"start":{"line":659,"column":6},"end":{"line":659,"column":20}},"334":{"start":{"line":663,"column":6},"end":{"line":663,"column":72}},"335":{"start":{"line":668,"column":23},"end":{"line":668,"column":82}},"336":{"start":{"line":669,"column":6},"end":{"line":672,"column":8}},"337":{"start":{"line":670,"column":8},"end":{"line":670,"column":50}},"338":{"start":{"line":671,"column":8},"end":{"line":671,"column":60}},"339":{"start":{"line":673,"column":6},"end":{"line":673,"column":31}},"340":{"start":{"line":676,"column":6},"end":{"line":676,"column":68}},"341":{"start":{"line":677,"column":19},"end":{"line":677,"column":85}},"342":{"start":{"line":678,"column":6},"end":{"line":678,"column":128}},"343":{"start":{"line":678,"column":94},"end":{"line":678,"column":126}},"344":{"start":{"line":679,"column":6},"end":{"line":679,"column":77}},"345":{"start":{"line":679,"column":24},"end":{"line":679,"column":76}},"346":{"start":{"line":680,"column":6},"end":{"line":680,"column":27}},"347":{"start":{"line":682,"column":6},"end":{"line":682,"column":34}},"348":{"start":{"line":685,"column":6},"end":{"line":685,"column":52}},"349":{"start":{"line":686,"column":6},"end":{"line":686,"column":20}},"350":{"start":{"line":687,"column":6},"end":{"line":687,"column":47}},"351":{"start":{"line":687,"column":23},"end":{"line":687,"column":41}},"352":{"start":{"line":694,"column":2},"end":{"line":694,"column":17}},"353":{"start":{"line":695,"column":2},"end":{"line":695,"column":23}},"354":{"start":{"line":698,"column":15},"end":{"line":698,"column":27}},"355":{"start":{"line":701,"column":17},"end":{"line":701,"column":41}},"356":{"start":{"line":702,"column":2},"end":{"line":702,"column":31}},"357":{"start":{"line":703,"column":2},"end":{"line":703,"column":24}},"358":{"start":{"line":706,"column":16},"end":{"line":721,"column":3}},"359":{"start":{"line":707,"column":4},"end":{"line":707,"column":26}},"360":{"start":{"line":710,"column":4},"end":{"line":710,"column":41}},"361":{"start":{"line":711,"column":4},"end":{"line":711,"column":44}},"362":{"start":{"line":714,"column":4},"end":{"line":720,"column":6}},"363":{"start":{"line":716,"column":6},"end":{"line":716,"column":21}},"364":{"start":{"line":719,"column":6},"end":{"line":719,"column":24}},"365":{"start":{"line":724,"column":21},"end":{"line":724,"column":65}},"366":{"start":{"line":727,"column":2},"end":{"line":727,"column":68}},"367":{"start":{"line":728,"column":2},"end":{"line":731,"column":3}},"368":{"start":{"line":729,"column":4},"end":{"line":729,"column":72}},"369":{"start":{"line":730,"column":4},"end":{"line":730,"column":106}},"370":{"start":{"line":730,"column":58},"end":{"line":730,"column":105}},"371":{"start":{"line":734,"column":2},"end":{"line":734,"column":20}},"372":{"start":{"line":735,"column":2},"end":{"line":737,"column":3}},"373":{"start":{"line":736,"column":4},"end":{"line":736,"column":26}},"374":{"start":{"line":740,"column":2},"end":{"line":740,"column":51}},"375":{"start":{"line":741,"column":2},"end":{"line":741,"column":38}},"376":{"start":{"line":744,"column":2},"end":{"line":747,"column":3}},"377":{"start":{"line":745,"column":4},"end":{"line":745,"column":11}},"378":{"start":{"line":746,"column":4},"end":{"line":746,"column":10}},"379":{"start":{"line":750,"column":27},"end":{"line":755,"column":3}},"380":{"start":{"line":751,"column":4},"end":{"line":751,"column":65}},"381":{"start":{"line":752,"column":4},"end":{"line":752,"column":48}},"382":{"start":{"line":754,"column":4},"end":{"line":754,"column":11}},"383":{"start":{"line":757,"column":2},"end":{"line":777,"column":4}},"384":{"start":{"line":759,"column":4},"end":{"line":762,"column":5}},"385":{"start":{"line":760,"column":6},"end":{"line":760,"column":24}},"386":{"start":{"line":761,"column":6},"end":{"line":761,"column":12}},"387":{"start":{"line":766,"column":27},"end":{"line":769,"column":6}},"388":{"start":{"line":767,"column":6},"end":{"line":767,"column":22}},"389":{"start":{"line":768,"column":6},"end":{"line":768,"column":24}},"390":{"start":{"line":772,"column":4},"end":{"line":776,"column":6}},"391":{"start":{"line":773,"column":6},"end":{"line":775,"column":7}},"392":{"start":{"line":774,"column":8},"end":{"line":774,"column":25}}},"fnMap":{"0":{"name":"(anonymous_0)","decl":{"start":{"line":49,"column":15},"end":{"line":49,"column":16}},"loc":{"start":{"line":49,"column":25},"end":{"line":49,"column":78}},"line":49},"1":{"name":"(anonymous_1)","decl":{"start":{"line":57,"column":28},"end":{"line":57,"column":29}},"loc":{"start":{"line":57,"column":56},"end":{"line":87,"column":3}},"line":57},"2":{"name":"(anonymous_2)","decl":{"start":{"line":69,"column":14},"end":{"line":69,"column":15}},"loc":{"start":{"line":69,"column":30},"end":{"line":69,"column":52}},"line":69},"3":{"name":"componentOption","decl":{"start":{"line":97,"column":9},"end":{"line":97,"column":24}},"loc":{"start":{"line":97,"column":51},"end":{"line":106,"column":1}},"line":97},"4":{"name":"mapTransitions","decl":{"start":{"line":108,"column":9},"end":{"line":108,"column":23}},"loc":{"start":{"line":108,"column":49},"end":{"line":131,"column":1}},"line":108},"5":{"name":"(anonymous_5)","decl":{"start":{"line":109,"column":31},"end":{"line":109,"column":32}},"loc":{"start":{"line":109,"column":46},"end":{"line":112,"column":3}},"line":109},"6":{"name":"(anonymous_6)","decl":{"start":{"line":125,"column":16},"end":{"line":125,"column":17}},"loc":{"start":{"line":125,"column":23},"end":{"line":125,"column":104}},"line":125},"7":{"name":"(anonymous_7)","decl":{"start":{"line":126,"column":17},"end":{"line":126,"column":18}},"loc":{"start":{"line":126,"column":26},"end":{"line":126,"column":67}},"line":126},"8":{"name":"loadAsyncComponents","decl":{"start":{"line":133,"column":15},"end":{"line":133,"column":34}},"loc":{"start":{"line":133,"column":52},"end":{"line":187,"column":1}},"line":133},"9":{"name":"(anonymous_9)","decl":{"start":{"line":148,"column":8},"end":{"line":148,"column":9}},"loc":{"start":{"line":148,"column":34},"end":{"line":148,"column":57}},"line":148},"10":{"name":"(anonymous_10)","decl":{"start":{"line":151,"column":42},"end":{"line":151,"column":43}},"loc":{"start":{"line":151,"column":71},"end":{"line":163,"column":7}},"line":151},"11":{"name":"(anonymous_11)","decl":{"start":{"line":157,"column":33},"end":{"line":157,"column":34}},"loc":{"start":{"line":157,"column":40},"end":{"line":157,"column":60}},"line":157},"12":{"name":"applySSRData","decl":{"start":{"line":189,"column":9},"end":{"line":189,"column":21}},"loc":{"start":{"line":189,"column":43},"end":{"line":196,"column":1}},"line":189},"13":{"name":"resolveComponents","decl":{"start":{"line":199,"column":9},"end":{"line":199,"column":26}},"loc":{"start":{"line":199,"column":36},"end":{"line":212,"column":1}},"line":199},"14":{"name":"(anonymous_14)","decl":{"start":{"line":202,"column":47},"end":{"line":202,"column":48}},"loc":{"start":{"line":202,"column":90},"end":{"line":211,"column":3}},"line":202},"15":{"name":"callMiddleware","decl":{"start":{"line":214,"column":9},"end":{"line":214,"column":23}},"loc":{"start":{"line":214,"column":54},"end":{"line":247,"column":1}},"line":214},"16":{"name":"(anonymous_16)","decl":{"start":{"line":225,"column":23},"end":{"line":225,"column":24}},"loc":{"start":{"line":225,"column":38},"end":{"line":229,"column":5}},"line":225},"17":{"name":"(anonymous_17)","decl":{"start":{"line":232,"column":18},"end":{"line":232,"column":19}},"loc":{"start":{"line":232,"column":28},"end":{"line":241,"column":3}},"line":232},"18":{"name":"render","decl":{"start":{"line":249,"column":15},"end":{"line":249,"column":21}},"loc":{"start":{"line":249,"column":39},"end":{"line":492,"column":1}},"line":249},"19":{"name":"(anonymous_19)","decl":{"start":{"line":258,"column":61},"end":{"line":258,"column":62}},"loc":{"start":{"line":258,"column":79},"end":{"line":260,"column":5}},"line":258},"20":{"name":"(anonymous_20)","decl":{"start":{"line":265,"column":16},"end":{"line":265,"column":17}},"loc":{"start":{"line":265,"column":26},"end":{"line":280,"column":3}},"line":265},"21":{"name":"(anonymous_21)","decl":{"start":{"line":322,"column":21},"end":{"line":322,"column":22}},"loc":{"start":{"line":322,"column":36},"end":{"line":327,"column":3}},"line":322},"22":{"name":"(anonymous_22)","decl":{"start":{"line":389,"column":37},"end":{"line":389,"column":38}},"loc":{"start":{"line":389,"column":55},"end":{"line":462,"column":5}},"line":389},"23":{"name":"(anonymous_23)","decl":{"start":{"line":408,"column":51},"end":{"line":408,"column":52}},"loc":{"start":{"line":408,"column":58},"end":{"line":408,"column":78}},"line":408},"24":{"name":"(anonymous_24)","decl":{"start":{"line":434,"column":16},"end":{"line":434,"column":17}},"loc":{"start":{"line":434,"column":37},"end":{"line":440,"column":11}},"line":434},"25":{"name":"(anonymous_25)","decl":{"start":{"line":453,"column":15},"end":{"line":453,"column":16}},"loc":{"start":{"line":453,"column":32},"end":{"line":457,"column":9}},"line":453},"26":{"name":"normalizeComponents","decl":{"start":{"line":495,"column":9},"end":{"line":495,"column":28}},"loc":{"start":{"line":495,"column":39},"end":{"line":505,"column":1}},"line":495},"27":{"name":"(anonymous_27)","decl":{"start":{"line":496,"column":24},"end":{"line":496,"column":25}},"loc":{"start":{"line":496,"column":54},"end":{"line":504,"column":3}},"line":496},"28":{"name":"showNextPage","decl":{"start":{"line":507,"column":9},"end":{"line":507,"column":21}},"loc":{"start":{"line":507,"column":27},"end":{"line":522,"column":1}},"line":507},"29":{"name":"fixPrepatch","decl":{"start":{"line":526,"column":9},"end":{"line":526,"column":20}},"loc":{"start":{"line":526,"column":31},"end":{"line":562,"column":1}},"line":526},"30":{"name":"(anonymous_30)","decl":{"start":{"line":534,"column":15},"end":{"line":534,"column":16}},"loc":{"start":{"line":534,"column":21},"end":{"line":561,"column":3}},"line":534},"31":{"name":"(anonymous_31)","decl":{"start":{"line":535,"column":22},"end":{"line":535,"column":23}},"loc":{"start":{"line":535,"column":39},"end":{"line":556,"column":5}},"line":535},"32":{"name":"(anonymous_32)","decl":{"start":{"line":552,"column":31},"end":{"line":552,"column":32}},"loc":{"start":{"line":552,"column":37},"end":{"line":554,"column":9}},"line":552},"33":{"name":"(anonymous_33)","decl":{"start":{"line":560,"column":15},"end":{"line":560,"column":16}},"loc":{"start":{"line":560,"column":21},"end":{"line":560,"column":39}},"line":560},"34":{"name":"nuxtReady","decl":{"start":{"line":564,"column":9},"end":{"line":564,"column":18}},"loc":{"start":{"line":564,"column":26},"end":{"line":579,"column":1}},"line":564},"35":{"name":"(anonymous_35)","decl":{"start":{"line":565,"column":32},"end":{"line":565,"column":33}},"loc":{"start":{"line":565,"column":40},"end":{"line":569,"column":3}},"line":565},"36":{"name":"(anonymous_36)","decl":{"start":{"line":575,"column":19},"end":{"line":575,"column":20}},"loc":{"start":{"line":575,"column":33},"end":{"line":578,"column":3}},"line":575},"37":{"name":"(anonymous_37)","decl":{"start":{"line":577,"column":17},"end":{"line":577,"column":18}},"loc":{"start":{"line":577,"column":23},"end":{"line":577,"column":65}},"line":577},"38":{"name":"(anonymous_38)","decl":{"start":{"line":581,"column":17},"end":{"line":581,"column":18}},"loc":{"start":{"line":581,"column":23},"end":{"line":581,"column":36}},"line":581},"39":{"name":"(anonymous_39)","decl":{"start":{"line":582,"column":18},"end":{"line":582,"column":19}},"loc":{"start":{"line":582,"column":24},"end":{"line":582,"column":26}},"line":582},"40":{"name":"getNuxtChildComponents","decl":{"start":{"line":585,"column":9},"end":{"line":585,"column":31}},"loc":{"start":{"line":585,"column":60},"end":{"line":596,"column":1}},"line":585},"41":{"name":"(anonymous_41)","decl":{"start":{"line":586,"column":28},"end":{"line":586,"column":29}},"loc":{"start":{"line":586,"column":40},"end":{"line":593,"column":3}},"line":586},"42":{"name":"(anonymous_42)","decl":{"start":{"line":587,"column":75},"end":{"line":587,"column":76}},"loc":{"start":{"line":587,"column":80},"end":{"line":587,"column":124}},"line":587},"43":{"name":"hotReloadAPI","decl":{"start":{"line":598,"column":9},"end":{"line":598,"column":21}},"loc":{"start":{"line":598,"column":28},"end":{"line":604,"column":1}},"line":598},"44":{"name":"addHotReload","decl":{"start":{"line":606,"column":9},"end":{"line":606,"column":21}},"loc":{"start":{"line":606,"column":42},"end":{"line":690,"column":1}},"line":606},"45":{"name":"(anonymous_45)","decl":{"start":{"line":612,"column":43},"end":{"line":612,"column":44}},"loc":{"start":{"line":612,"column":55},"end":{"line":689,"column":3}},"line":612},"46":{"name":"(anonymous_46)","decl":{"start":{"line":625,"column":17},"end":{"line":625,"column":18}},"loc":{"start":{"line":625,"column":33},"end":{"line":628,"column":5}},"line":625},"47":{"name":"(anonymous_47)","decl":{"start":{"line":641,"column":10},"end":{"line":641,"column":11}},"loc":{"start":{"line":641,"column":16},"end":{"line":660,"column":5}},"line":641},"48":{"name":"(anonymous_48)","decl":{"start":{"line":655,"column":19},"end":{"line":655,"column":20}},"loc":{"start":{"line":655,"column":25},"end":{"line":658,"column":7}},"line":655},"49":{"name":"(anonymous_49)","decl":{"start":{"line":657,"column":21},"end":{"line":657,"column":22}},"loc":{"start":{"line":657,"column":27},"end":{"line":657,"column":45}},"line":657},"50":{"name":"(anonymous_50)","decl":{"start":{"line":662,"column":10},"end":{"line":662,"column":11}},"loc":{"start":{"line":662,"column":16},"end":{"line":664,"column":5}},"line":662},"51":{"name":"(anonymous_51)","decl":{"start":{"line":666,"column":10},"end":{"line":666,"column":11}},"loc":{"start":{"line":666,"column":16},"end":{"line":683,"column":5}},"line":666},"52":{"name":"(anonymous_52)","decl":{"start":{"line":669,"column":22},"end":{"line":669,"column":23}},"loc":{"start":{"line":669,"column":43},"end":{"line":672,"column":7}},"line":669},"53":{"name":"(anonymous_53)","decl":{"start":{"line":679,"column":18},"end":{"line":679,"column":19}},"loc":{"start":{"line":679,"column":24},"end":{"line":679,"column":76}},"line":679},"54":{"name":"(anonymous_54)","decl":{"start":{"line":684,"column":10},"end":{"line":684,"column":11}},"loc":{"start":{"line":684,"column":16},"end":{"line":688,"column":5}},"line":684},"55":{"name":"(anonymous_55)","decl":{"start":{"line":687,"column":17},"end":{"line":687,"column":18}},"loc":{"start":{"line":687,"column":23},"end":{"line":687,"column":41}},"line":687},"56":{"name":"mountApp","decl":{"start":{"line":692,"column":15},"end":{"line":692,"column":23}},"loc":{"start":{"line":692,"column":32},"end":{"line":778,"column":1}},"line":692},"57":{"name":"(anonymous_57)","decl":{"start":{"line":706,"column":16},"end":{"line":706,"column":17}},"loc":{"start":{"line":706,"column":22},"end":{"line":721,"column":3}},"line":706},"58":{"name":"(anonymous_58)","decl":{"start":{"line":714,"column":17},"end":{"line":714,"column":18}},"loc":{"start":{"line":714,"column":23},"end":{"line":720,"column":5}},"line":714},"59":{"name":"(anonymous_59)","decl":{"start":{"line":730,"column":49},"end":{"line":730,"column":50}},"loc":{"start":{"line":730,"column":58},"end":{"line":730,"column":105}},"line":730},"60":{"name":"(anonymous_60)","decl":{"start":{"line":750,"column":27},"end":{"line":750,"column":28}},"loc":{"start":{"line":750,"column":33},"end":{"line":755,"column":3}},"line":750},"61":{"name":"(anonymous_61)","decl":{"start":{"line":757,"column":62},"end":{"line":757,"column":63}},"loc":{"start":{"line":757,"column":72},"end":{"line":777,"column":3}},"line":757},"62":{"name":"(anonymous_62)","decl":{"start":{"line":766,"column":44},"end":{"line":766,"column":45}},"loc":{"start":{"line":766,"column":58},"end":{"line":769,"column":5}},"line":766},"63":{"name":"(anonymous_63)","decl":{"start":{"line":772,"column":33},"end":{"line":772,"column":34}},"loc":{"start":{"line":772,"column":42},"end":{"line":776,"column":5}},"line":772}},"branchMap":{"0":{"loc":{"start":{"line":24,"column":0},"end":{"line":27,"column":1}},"type":"if","locations":[{"start":{"line":24,"column":0},"end":{"line":27,"column":1}},{"start":{"line":24,"column":0},"end":{"line":27,"column":1}}],"line":24},"1":{"loc":{"start":{"line":33,"column":0},"end":{"line":33,"column":43}},"type":"if","locations":[{"start":{"line":33,"column":0},"end":{"line":33,"column":43}},{"start":{"line":33,"column":0},"end":{"line":33,"column":43}}],"line":33},"2":{"loc":{"start":{"line":41,"column":13},"end":{"line":41,"column":34}},"type":"binary-expr","locations":[{"start":{"line":41,"column":13},"end":{"line":41,"column":28}},{"start":{"line":41,"column":32},"end":{"line":41,"column":34}}],"line":41},"3":{"loc":{"start":{"line":45,"column":13},"end":{"line":45,"column":28}},"type":"binary-expr","locations":[{"start":{"line":45,"column":13},"end":{"line":45,"column":22}},{"start":{"line":45,"column":26},"end":{"line":45,"column":28}}],"line":45},"4":{"loc":{"start":{"line":46,"column":2},"end":{"line":52,"column":1}},"type":"if","locations":[{"start":{"line":46,"column":2},"end":{"line":52,"column":1}},{"start":{"line":46,"column":2},"end":{"line":52,"column":1}}],"line":46},"5":{"loc":{"start":{"line":48,"column":2},"end":{"line":48,"column":59}},"type":"binary-expr","locations":[{"start":{"line":48,"column":2},"end":{"line":48,"column":15}},{"start":{"line":48,"column":19},"end":{"line":48,"column":59}}],"line":48},"6":{"loc":{"start":{"line":49,"column":26},"end":{"line":49,"column":61}},"type":"binary-expr","locations":[{"start":{"line":49,"column":26},"end":{"line":49,"column":46}},{"start":{"line":49,"column":50},"end":{"line":49,"column":61}}],"line":49},"7":{"loc":{"start":{"line":51,"column":2},"end":{"line":51,"column":40}},"type":"binary-expr","locations":[{"start":{"line":51,"column":2},"end":{"line":51,"column":18}},{"start":{"line":51,"column":22},"end":{"line":51,"column":40}}],"line":51},"8":{"loc":{"start":{"line":55,"column":0},"end":{"line":89,"column":1}},"type":"if","locations":[{"start":{"line":55,"column":0},"end":{"line":89,"column":1}},{"start":{"line":55,"column":0},"end":{"line":89,"column":1}}],"line":55},"9":{"loc":{"start":{"line":60,"column":4},"end":{"line":62,"column":5}},"type":"if","locations":[{"start":{"line":60,"column":4},"end":{"line":62,"column":5}},{"start":{"line":60,"column":4},"end":{"line":62,"column":5}}],"line":60},"10":{"loc":{"start":{"line":63,"column":4},"end":{"line":65,"column":5}},"type":"if","locations":[{"start":{"line":63,"column":4},"end":{"line":65,"column":5}},{"start":{"line":63,"column":4},"end":{"line":65,"column":5}}],"line":63},"11":{"loc":{"start":{"line":67,"column":4},"end":{"line":75,"column":5}},"type":"if","locations":[{"start":{"line":67,"column":4},"end":{"line":75,"column":5}},{"start":{"line":67,"column":4},"end":{"line":75,"column":5}}],"line":67},"12":{"loc":{"start":{"line":67,"column":8},"end":{"line":67,"column":22}},"type":"binary-expr","locations":[{"start":{"line":67,"column":8},"end":{"line":67,"column":10}},{"start":{"line":67,"column":14},"end":{"line":67,"column":22}}],"line":67},"13":{"loc":{"start":{"line":72,"column":6},"end":{"line":74,"column":7}},"type":"if","locations":[{"start":{"line":72,"column":6},"end":{"line":74,"column":7}},{"start":{"line":72,"column":6},"end":{"line":74,"column":7}}],"line":72},"14":{"loc":{"start":{"line":72,"column":10},"end":{"line":72,"column":74}},"type":"binary-expr","locations":[{"start":{"line":72,"column":10},"end":{"line":72,"column":17}},{"start":{"line":72,"column":21},"end":{"line":72,"column":44}},{"start":{"line":72,"column":48},"end":{"line":72,"column":74}}],"line":72},"15":{"loc":{"start":{"line":77,"column":4},"end":{"line":79,"column":5}},"type":"if","locations":[{"start":{"line":77,"column":4},"end":{"line":79,"column":5}},{"start":{"line":77,"column":4},"end":{"line":79,"column":5}}],"line":77},"16":{"loc":{"start":{"line":82,"column":4},"end":{"line":86,"column":5}},"type":"if","locations":[{"start":{"line":82,"column":4},"end":{"line":86,"column":5}},{"start":{"line":82,"column":4},"end":{"line":86,"column":5}}],"line":82},"17":{"loc":{"start":{"line":85,"column":20},"end":{"line":85,"column":38}},"type":"binary-expr","locations":[{"start":{"line":85,"column":20},"end":{"line":85,"column":31}},{"start":{"line":85,"column":35},"end":{"line":85,"column":38}}],"line":85},"18":{"loc":{"start":{"line":92,"column":21},"end":{"line":92,"column":61}},"type":"binary-expr","locations":[{"start":{"line":92,"column":21},"end":{"line":92,"column":44}},{"start":{"line":92,"column":48},"end":{"line":92,"column":61}}],"line":92},"19":{"loc":{"start":{"line":98,"column":2},"end":{"line":100,"column":3}},"type":"if","locations":[{"start":{"line":98,"column":2},"end":{"line":100,"column":3}},{"start":{"line":98,"column":2},"end":{"line":100,"column":3}}],"line":98},"20":{"loc":{"start":{"line":98,"column":6},"end":{"line":98,"column":65}},"type":"binary-expr","locations":[{"start":{"line":98,"column":6},"end":{"line":98,"column":16}},{"start":{"line":98,"column":20},"end":{"line":98,"column":38}},{"start":{"line":98,"column":42},"end":{"line":98,"column":65}}],"line":98},"21":{"loc":{"start":{"line":102,"column":2},"end":{"line":104,"column":3}},"type":"if","locations":[{"start":{"line":102,"column":2},"end":{"line":104,"column":3}},{"start":{"line":102,"column":2},"end":{"line":104,"column":3}}],"line":102},"22":{"loc":{"start":{"line":110,"column":23},"end":{"line":110,"column":79}},"type":"binary-expr","locations":[{"start":{"line":110,"column":23},"end":{"line":110,"column":73}},{"start":{"line":110,"column":77},"end":{"line":110,"column":79}}],"line":110},"23":{"loc":{"start":{"line":111,"column":12},"end":{"line":111,"column":78}},"type":"cond-expr","locations":[{"start":{"line":111,"column":45},"end":{"line":111,"column":65}},{"start":{"line":111,"column":68},"end":{"line":111,"column":78}}],"line":111},"24":{"loc":{"start":{"line":114,"column":25},"end":{"line":114,"column":63}},"type":"cond-expr","locations":[{"start":{"line":114,"column":32},"end":{"line":114,"column":58}},{"start":{"line":114,"column":61},"end":{"line":114,"column":63}}],"line":114},"25":{"loc":{"start":{"line":125,"column":23},"end":{"line":125,"column":104}},"type":"binary-expr","locations":[{"start":{"line":125,"column":23},"end":{"line":125,"column":64}},{"start":{"line":125,"column":68},"end":{"line":125,"column":104}}],"line":125},"26":{"loc":{"start":{"line":135,"column":23},"end":{"line":135,"column":69}},"type":"binary-expr","locations":[{"start":{"line":135,"column":23},"end":{"line":135,"column":44}},{"
[...]
name":"(anonymous_15)","decl":{"start":{"line":92,"column":35},"end":{"line":92,"column":36}},"loc":{"start":{"line":92,"column":41},"end":{"line":92,"column":43}},"line":92}},"branchMap":{"0":{"loc":{"start":{"line":3,"column":28},"end":{"line":12,"column":3}},"type":"binary-expr","locations":[{"start":{"line":3,"column":28},"end":{"line":3,"column":54}},{"start":{"line":4,"column":2},"end":{"line":12,"column":3}}],"line":3},"1":{"loc":{"start":{"line":14,"column":27},"end":{"line":16,"column":1}},"type":"binary-expr","locations":[{"start":{"line":14,"column":27},"end":{"line":14,"column":52}},{"start":{"line":14,"column":56},"end":{"line":16,"column":1}}],"line":14},"2":{"loc":{"start":{"line":18,"column":17},"end":{"line":25,"column":2}},"type":"binary-expr","locations":[{"start":{"line":18,"column":17},"end":{"line":18,"column":44}},{"start":{"line":18,"column":48},"end":{"line":25,"column":2}}],"line":18},"3":{"loc":{"start":{"line":20,"column":4},"end":{"line":22,"column":5}},"type":"if","locations":[{"start":{"line":20,"column":4},"end":{"line":22,"column":5}},{"start":{"line":20,"column":4},"end":{"line":22,"column":5}}],"line":20},"4":{"loc":{"start":{"line":41,"column":4},"end":{"line":43,"column":5}},"type":"if","locations":[{"start":{"line":41,"column":4},"end":{"line":43,"column":5}},{"start":{"line":41,"column":4},"end":{"line":43,"column":5}}],"line":41},"5":{"loc":{"start":{"line":41,"column":8},"end":{"line":41,"column":41}},"type":"binary-expr","locations":[{"start":{"line":41,"column":8},"end":{"line":41,"column":21}},{"start":{"line":41,"column":25},"end":{"line":41,"column":41}}],"line":41},"6":{"loc":{"start":{"line":48,"column":4},"end":{"line":51,"column":5}},"type":"if","locations":[{"start":{"line":48,"column":4},"end":{"line":51,"column":5}},{"start":{"line":48,"column":4},"end":{"line":51,"column":5}}],"line":48},"7":{"loc":{"start":{"line":56,"column":6},"end":{"line":58,"column":7}},"type":"if","locations":[{"start":{"line":56,"column":6},"end":{"line":58,"column":7}},{"start":{"line":56,"column":6},"end":{"line":58,"column":7}}],"line":56},"8":{"loc":{"start":{"line":60,"column":6},"end":{"line":64,"column":7}},"type":"if","locations":[{"start":{"line":60,"column":6},"end":{"line":64,"column":7}},{"start":{"line":60,"column":6},"end":{"line":64,"column":7}}],"line":60},"9":{"loc":{"start":{"line":71,"column":31},"end":{"line":71,"column":125}},"type":"binary-expr","locations":[{"start":{"line":71,"column":31},"end":{"line":71,"column":51}},{"start":{"line":71,"column":56},"end":{"line":71,"column":60}},{"start":{"line":71,"column":65},"end":{"line":71,"column":106}},{"start":{"line":71,"column":110},"end":{"line":71,"column":123}}],"line":71},"10":{"loc":{"start":{"line":71,"column":66},"end":{"line":71,"column":90}},"type":"binary-expr","locations":[{"start":{"line":71,"column":66},"end":{"line":71,"column":84}},{"start":{"line":71,"column":88},"end":{"line":71,"column":90}}],"line":71},"11":{"loc":{"start":{"line":79,"column":44},"end":{"line":79,"column":124}},"type":"binary-expr","locations":[{"start":{"line":79,"column":44},"end":{"line":79,"column":75}},{"start":{"line":79,"column":79},"end":{"line":79,"column":97}},{"start":{"line":79,"column":101},"end":{"line":79,"column":124}}],"line":79},"12":{"loc":{"start":{"line":82,"column":6},"end":{"line":84,"column":7}},"type":"if","locations":[{"start":{"line":82,"column":6},"end":{"line":84,"column":7}},{"start":{"line":82,"column":6},"end":{"line":84,"column":7}}],"line":82},"13":{"loc":{"start":{"line":91,"column":8},"end":{"line":93,"column":9}},"type":"if","locations":[{"start":{"line":91,"column":8},"end":{"line":93,"column":9}},{"start":{"line":91,"column":8},"end":{"line":93,"column":9}}],"line":91}},"s":{"0":1,"1":0,"2":0,"3":0,"4":0,"5":1,"6":0,"7":1,"8":0,"9":0,"10":0,"11":0,"12":1,"13":1,"14":0,"15":0,"16":0,"17":0,"18":0,"19":0,"20":0,"21":0,"22":0,"23":0,"24":0,"25":0,"26":0,"27":0,"28":0,"29":0,"30":0,"31":0,"32":0,"33":0,"34":0,"35":0,"36":0,"37":0,"38":0,"39":0,"40":0,"41":0},"f":{"0":0,"1":0,"2":0,"3":0,"4":0,"5":0,"6":1,"7":0,"8":0,"9":0,"10":0,"11":0,"12":0,"13":0,"14":0,"15":0},"b":{"0":[1,0],"1":[1,0],"2":[1,1],"3":[0,0],"4":[1,0],"5":[1,1],"6":[0,0],"7":[0,0],"8":[0,0],"9":[0,0,0,0],"10":[0,0],"11":[0,0,0],"12":[0,0],"13":[0,0]},"_coverageSchema":"1a1c01bbd47fc00a2c39e90264f33305004495a9","hash":"940e5f079121da0c9b8e9e535518c312b49d72c5"}
,"/usr/src/app/.nuxt/components/nuxt.js": {"path":"/usr/src/app/.nuxt/components/nuxt.js","statementMap":{"0":{"start":{"line":33,"column":4},"end":{"line":36,"column":5}},"1":{"start":{"line":34,"column":6},"end":{"line":34,"column":37}},"2":{"start":{"line":35,"column":6},"end":{"line":35,"column":25}},"3":{"start":{"line":41,"column":6},"end":{"line":43,"column":7}},"4":{"start":{"line":42,"column":8},"end":{"line":42,"column":92}},"5":{"start":{"line":45,"column":29},"end":{"line":45,"column":48}},"6":{"start":{"line":47,"column":6},"end":{"line":49,"column":7}},"7":{"start":{"line":48,"column":8},"end":{"line":48,"column":31}},"8":{"start":{"line":51,"column":24},"end":{"line":51,"column":55}},"9":{"start":{"line":53,"column":6},"end":{"line":59,"column":7}},"10":{"start":{"line":54,"column":28},"end":{"line":54,"column":37}},"11":{"start":{"line":56,"column":8},"end":{"line":58,"column":9}},"12":{"start":{"line":57,"column":10},"end":{"line":57,"column":93}},"13":{"start":{"line":61,"column":21},"end":{"line":61,"column":50}},"14":{"start":{"line":62,"column":6},"end":{"line":62,"column":76}},"15":{"start":{"line":66,"column":4},"end":{"line":66,"column":67}},"16":{"start":{"line":70,"column":4},"end":{"line":76,"column":5}},"17":{"start":{"line":72,"column":6},"end":{"line":75,"column":8}},"18":{"start":{"line":80,"column":4},"end":{"line":89,"column":5}},"19":{"start":{"line":81,"column":6},"end":{"line":81,"column":61}},"20":{"start":{"line":81,"column":28},"end":{"line":81,"column":59}},"21":{"start":{"line":83,"column":6},"end":{"line":88,"column":8}},"22":{"start":{"line":92,"column":4},"end":{"line":92,"column":35}},"23":{"start":{"line":93,"column":4},"end":{"line":93,"column":60}},"24":{"start":{"line":93,"column":26},"end":{"line":93,"column":58}},"25":{"start":{"line":95,"column":4},"end":{"line":99,"column":6}}},"fnMap":{"0":{"name":"(anonymous_0)","decl":{"start":{"line":29,"column":2},"end":{"line":29,"column":3}},"loc":{"start":{"line":29,"column":24},"end":{"line":37,"column":3}},"line":29},"1":{"name":"(anonymous_1)","decl":{"start":{"line":39,"column":4},"end":{"line":39,"column":5}},"loc":{"start":{"line":39,"column":21},"end":{"line":63,"column":5}},"line":39},"2":{"name":"(anonymous_2)","decl":{"start":{"line":65,"column":2},"end":{"line":65,"column":3}},"loc":{"start":{"line":65,"column":18},"end":{"line":67,"column":3}},"line":65},"3":{"name":"(anonymous_3)","decl":{"start":{"line":68,"column":2},"end":{"line":68,"column":3}},"loc":{"start":{"line":68,"column":13},"end":{"line":100,"column":3}},"line":68},"4":{"name":"(anonymous_4)","decl":{"start":{"line":81,"column":21},"end":{"line":81,"column":22}},"loc":{"start":{"line":81,"column":28},"end":{"line":81,"column":59}},"line":81},"5":{"name":"(anonymous_5)","decl":{"start":{"line":93,"column":19},"end":{"line":93,"column":20}},"loc":{"start":{"line":93,"column":26},"end":{"line":93,"column":58}},"line":93}},"branchMap":{"0":{"loc":{"start":{"line":33,"column":4},"end":{"line":36,"column":5}},"type":"if","locations":[{"start":{"line":33,"column":4},"end":{"line":36,"column":5}},{"start":{"line":33,"column":4},"end":{"line":36,"column":5}}],"line":33},"1":{"loc":{"start":{"line":41,"column":6},"end":{"line":43,"column":7}},"type":"if","locations":[{"start":{"line":41,"column":6},"end":{"line":43,"column":7}},{"start":{"line":41,"column":6},"end":{"line":43,"column":7}}],"line":41},"2":{"loc":{"start":{"line":41,"column":10},"end":{"line":41,"column":84}},"type":"binary-expr","locations":[{"start":{"line":41,"column":10},"end":{"line":41,"column":50}},{"start":{"line":41,"column":54},"end":{"line":41,"column":84}}],"line":41},"3":{"loc":{"start":{"line":42,"column":15},"end":{"line":42,"column":92}},"type":"binary-expr","locations":[{"start":{"line":42,"column":15},"end":{"line":42,"column":32}},{"start":{"line":42,"column":36},"end":{"line":42,"column":92}}],"line":42},"4":{"loc":{"start":{"line":47,"column":6},"end":{"line":49,"column":7}},"type":"if","locations":[{"start":{"line":47,"column":6},"end":{"line":49,"column":7}},{"start":{"line":47,"column":6},"end":{"line":49,"column":7}}],"line":47},"5":{"loc":{"start":{"line":53,"column":6},"end":{"line":59,"column":7}},"type":"if","locations":[{"start":{"line":53,"column":6},"end":{"line":59,"column":7}},{"start":{"line":53,"column":6},"end":{"line":59,"column":7}}],"line":53},"6":{"loc":{"start":{"line":53,"column":10},"end":{"line":53,"column":40}},"type":"binary-expr","locations":[{"start":{"line":53,"column":10},"end":{"line":53,"column":19}},{"start":{"line":53,"column":23},"end":{"line":53,"column":40}}],"line":53},"7":{"loc":{"start":{"line":56,"column":8},"end":{"line":58,"column":9}},"type":"if","locations":[{"start":{"line":56,"column":8},"end":{"line":58,"column":9}},{"start":{"line":56,"column":8},"end":{"line":58,"column":9}}],"line":56},"8":{"loc":{"start":{"line":57,"column":18},"end":{"line":57,"column":92}},"type":"cond-expr","locations":[{"start":{"line":57,"column":54},"end":{"line":57,"column":78}},{"start":{"line":57,"column":81},"end":{"line":57,"column":92}}],"line":57},"9":{"loc":{"start":{"line":62,"column":13},"end":{"line":62,"column":76}},"type":"cond-expr","locations":[{"start":{"line":62,"column":22},"end":{"line":62,"column":38}},{"start":{"line":62,"column":41},"end":{"line":62,"column":76}}],"line":62},"10":{"loc":{"start":{"line":70,"column":4},"end":{"line":76,"column":5}},"type":"if","locations":[{"start":{"line":70,"column":4},"end":{"line":76,"column":5}},{"start":{"line":70,"column":4},"end":{"line":76,"column":5}}],"line":70},"11":{"loc":{"start":{"line":80,"column":4},"end":{"line":89,"column":5}},"type":"if","locations":[{"start":{"line":80,"column":4},"end":{"line":89,"column":5}},{"start":{"line":80,"column":4},"end":{"line":89,"column":5}}],"line":80}},"s":{"0":0,"1":0,"2":0,"3":1,"4":0,"5":1,"6":1,"7":0,"8":1,"9":1,"10":1,"11":1,"12":0,"13":1,"14":1,"15":1,"16":1,"17":1,"18":0,"19":0,"20":0,"21":0,"22":0,"23":0,"24":0,"25":0},"f":{"0":0,"1":1,"2":1,"3":1,"4":0,"5":0},"b":{"0":[0,0],"1":[0,1],"2":[1,1],"3":[0,0],"4":[0,1],"5":[1,0],"6":[1,1],"7":[0,1],"8":[0,0],"9":[0,1],"10":[1,0],"11":[0,0]},"_coverageSchema":"1a1c01bbd47fc00a2c39e90264f33305004495a9","hash":"341e753eabbb63ce1719eebc830fb170864219a9"}
,"/usr/src/app/.nuxt/mixins/fetch.client.js": {"path":"/usr/src/app/.nuxt/mixins/fetch.client.js","statementMap":{"0":{"start":{"line":4,"column":23},"end":{"line":4,"column":116}},"1":{"start":{"line":4,"column":31},"end":{"line":4,"column":116}},"2":{"start":{"line":5,"column":18},"end":{"line":5,"column":33}},"3":{"start":{"line":9,"column":4},"end":{"line":11,"column":5}},"4":{"start":{"line":10,"column":6},"end":{"line":10,"column":12}},"5":{"start":{"line":13,"column":4},"end":{"line":13,"column":100}},"6":{"start":{"line":15,"column":4},"end":{"line":19,"column":6}},"7":{"start":{"line":21,"column":4},"end":{"line":21,"column":35}},"8":{"start":{"line":22,"column":4},"end":{"line":22,"column":46}},"9":{"start":{"line":23,"column":4},"end":{"line":23,"column":54}},"10":{"start":{"line":28,"column":2},"end":{"line":30,"column":3}},"11":{"start":{"line":29,"column":4},"end":{"line":29,"column":24}},"12":{"start":{"line":34,"column":2},"end":{"line":36,"column":3}},"13":{"start":{"line":35,"column":4},"end":{"line":35,"column":10}},"14":{"start":{"line":39,"column":2},"end":{"line":39,"column":23}},"15":{"start":{"line":40,"column":2},"end":{"line":40,"column":52}},"16":{"start":{"line":41,"column":15},"end":{"line":41,"column":46}},"17":{"start":{"line":44,"column":2},"end":{"line":47,"column":3}},"18":{"start":{"line":45,"column":4},"end":{"line":45,"column":40}},"19":{"start":{"line":46,"column":4},"end":{"line":46,"column":10}},"20":{"start":{"line":50,"column":2},"end":{"line":52,"column":3}},"21":{"start":{"line":51,"column":4},"end":{"line":51,"column":39}},"22":{"start":{"line":56,"column":2},"end":{"line":59,"column":3}},"23":{"start":{"line":57,"column":4},"end":{"line":58,"column":48}},"24":{"start":{"line":58,"column":20},"end":{"line":58,"column":45}},"25":{"start":{"line":60,"column":2},"end":{"line":60,"column":27}},"26":{"start":{"line":64,"column":2},"end":{"line":64,"column":25}},"27":{"start":{"line":65,"column":2},"end":{"line":65,"column":33}},"28":{"start":{"line":66,"column":2},"end":{"line":66,"column":31}},"29":{"start":{"line":67,"column":2},"end":{"line":67,"column":24}},"30":{"start":{"line":68,"column":14},"end":{"line":68,"column":18}},"31":{"start":{"line":69,"column":20},"end":{"line":69,"column":30}},"32":{"start":{"line":71,"column":2},"end":{"line":75,"column":3}},"33":{"start":{"line":72,"column":4},"end":{"line":72,"column":40}},"34":{"start":{"line":74,"column":4},"end":{"line":74,"column":31}},"35":{"start":{"line":77,"column":20},"end":{"line":77,"column":63}},"36":{"start":{"line":78,"column":2},"end":{"line":80,"column":3}},"37":{"start":{"line":79,"column":4},"end":{"line":79,"column":64}},"38":{"start":{"line":79,"column":33},"end":{"line":79,"column":63}},"39":{"start":{"line":82,"column":2},"end":{"line":82,"column":32}},"40":{"start":{"line":83,"column":2},"end":{"line":83,"column":34}},"41":{"start":{"line":84,"column":2},"end":{"line":84,"column":41}},"42":{"start":{"line":86,"column":2},"end":{"line":86,"column":47}},"43":{"start":{"line":86,"column":23},"end":{"line":86,"column":46}}},"fnMap":{"0":{"name":"(anonymous_0)","decl":{"start":{"line":4,"column":23},"end":{"line":4,"column":24}},"loc":{"start":{"line":4,"column":31},"end":{"line":4,"column":116}},"line":4},"1":{"name":"(anonymous_1)","decl":{"start":{"line":8,"column":2},"end":{"line":8,"column":3}},"loc":{"start":{"line":8,"column":18},"end":{"line":24,"column":3}},"line":8},"2":{"name":"beforeMount","decl":{"start":{"line":27,"column":9},"end":{"line":27,"column":20}},"loc":{"start":{"line":27,"column":23},"end":{"line":31,"column":1}},"line":27},"3":{"name":"created","decl":{"start":{"line":33,"column":9},"end":{"line":33,"column":16}},"loc":{"start":{"line":33,"column":19},"end":{"line":53,"column":1}},"line":33},"4":{"name":"$fetch","decl":{"start":{"line":55,"column":9},"end":{"line":55,"column":15}},"loc":{"start":{"line":55,"column":18},"end":{"line":61,"column":1}},"line":55},"5":{"name":"(anonymous_5)","decl":{"start":{"line":58,"column":12},"end":{"line":58,"column":13}},"loc":{"start":{"line":58,"column":18},"end":{"line":58,"column":47}},"line":58},"6":{"name":"$_fetch","decl":{"start":{"line":63,"column":15},"end":{"line":63,"column":22}},"loc":{"start":{"line":63,"column":25},"end":{"line":87,"column":1}},"line":63},"7":{"name":"(anonymous_7)","decl":{"start":{"line":79,"column":22},"end":{"line":79,"column":23}},"loc":{"start":{"line":79,"column":33},"end":{"line":79,"column":63}},"line":79},"8":{"name":"(anonymous_8)","decl":{"start":{"line":86,"column":17},"end":{"line":86,"column":18}},"loc":{"start":{"line":86,"column":23},"end":{"line":86,"column":46}},"line":86}},"branchMap":{"0":{"loc":{"start":{"line":4,"column":31},"end":{"line":4,"column":116}},"type":"binary-expr","locations":[{"start":{"line":4,"column":31},"end":{"line":4,"column":40}},{"start":{"line":4,"column":44},"end":{"line":4,"column":57}},{"start":{"line":4,"column":61},"end":{"line":4,"column":82}},{"start":{"line":4,"column":86},"end":{"line":4,"column":116}}],"line":4},"1":{"loc":{"start":{"line":9,"column":4},"end":{"line":11,"column":5}},"type":"if","locations":[{"start":{"line":9,"column":4},"end":{"line":11,"column":5}},{"start":{"line":9,"column":4},"end":{"line":11,"column":5}}],"line":9},"2":{"loc":{"start":{"line":13,"column":23},"end":{"line":13,"column":100}},"type":"cond-expr","locations":[{"start":{"line":13,"column":70},"end":{"line":13,"column":94}},{"start":{"line":13,"column":97},"end":{"line":13,"column":100}}],"line":13},"3":{"loc":{"start":{"line":28,"column":2},"end":{"line":30,"column":3}},"type":"if","locations":[{"start":{"line":28,"column":2},"end":{"line":30,"column":3}},{"start":{"line":28,"column":2},"end":{"line":30,"column":3}}],"line":28},"4":{"loc":{"start":{"line":34,"column":2},"end":{"line":36,"column":3}},"type":"if","locations":[{"start":{"line":34,"column":2},"end":{"line":36,"column":3}},{"start":{"line":34,"column":2},"end":{"line":36,"column":3}}],"line":34},"5":{"loc":{"start":{"line":44,"column":2},"end":{"line":47,"column":3}},"type":"if","locations":[{"start":{"line":44,"column":2},"end":{"line":47,"column":3}},{"start":{"line":44,"column":2},"end":{"line":47,"column":3}}],"line":44},"6":{"loc":{"start":{"line":44,"column":6},"end":{"line":44,"column":25}},"type":"binary-expr","locations":[{"start":{"line":44,"column":6},"end":{"line":44,"column":10}},{"start":{"line":44,"column":14},"end":{"line":44,"column":25}}],"line":44},"7":{"loc":{"start":{"line":56,"column":2},"end":{"line":59,"column":3}},"type":"if","locations":[{"start":{"line":56,"column":2},"end":{"line":59,"column":3}},{"start":{"line":56,"column":2},"end":{"line":59,"column":3}}],"line":56},"8":{"loc":{"start":{"line":78,"column":2},"end":{"line":80,"column":3}},"type":"if","locations":[{"start":{"line":78,"column":2},"end":{"line":80,"column":3}},{"start":{"line":78,"column":2},"end":{"line":80,"column":3}}],"line":78}},"s":{"0":1,"1":0,"2":1,"3":41,"4":41,"5":0,"6":0,"7":0,"8":0,"9":0,"10":0,"11":0,"12":0,"13":0,"14":0,"15":0,"16":0,"17":0,"18":0,"19":0,"20":0,"21":0,"22":0,"23":0,"24":0,"25":0,"26":0,"27":0,"28":0,"29":0,"30":0,"31":0,"32":0,"33":0,"34":0,"35":0,"36":0,"37":0,"38":0,"39":0,"40":0,"41":0,"42":0,"43":0},"f":{"0":0,"1":41,"2":0,"3":0,"4":0,"5":0,"6":0,"7":0,"8":0},"b":{"0":[0,0,0,0],"1":[41,0],"2":[0,0],"3":[0,0],"4":[0,0],"5":[0,0],"6":[0,0],"7":[0,0],"8":[0,0]},"_coverageSchema":"1a1c01bbd47fc00a2c39e90264f33305004495a9","hash":"d195c385e4fc4e4cfc0cbaf4e2df9ef5a3f1855a"}
,"/usr/src/app/.nuxt/vuetify/options.js": {"path":"/usr/src/app/.nuxt/vuetify/options.js","statementMap":{},"fnMap":{},"branchMap":{},"s":{},"f":{},"b":{},"_coverageSchema":"1a1c01bbd47fc00a2c39e90264f33305004495a9","hash":"b4a1da052b035a50f9514c62e6231ad1a07c2084"}
,"/usr/src/app/.nuxt/vuetify/plugin.js": {"path":"/usr/src/app/.nuxt/vuetify/plugin.js","statementMap":{"0":{"start":{"line":6,"column":0},"end":{"line":7,"column":2}},"1":{"start":{"line":10,"column":25},"end":{"line":10,"column":79}},"2":{"start":{"line":12,"column":2},"end":{"line":12,"column":51}},"3":{"start":{"line":13,"column":2},"end":{"line":13,"column":39}},"4":{"start":{"line":15,"column":18},"end":{"line":15,"column":45}},"5":{"start":{"line":17,"column":2},"end":{"line":17,"column":27}},"6":{"start":{"line":18,"column":2},"end":{"line":18,"column":34}}},"fnMap":{"0":{"name":"(anonymous_0)","decl":{"start":{"line":9,"column":15},"end":{"line":9,"column":16}},"loc":{"start":{"line":9,"column":24},"end":{"line":19,"column":1}},"line":9}},"branchMap":{"0":{"loc":{"start":{"line":10,"column":25},"end":{"line":10,"column":79}},"type":"cond-expr","locations":[{"start":{"line":10,"column":57},"end":{"line":10,"column":69}},{"start":{"line":10,"column":72},"end":{"line":10,"column":79}}],"line":10},"1":{"loc":{"start":{"line":12,"column":25},"end":{"line":12,"column":51}},"type":"binary-expr","locations":[{"start":{"line":12,"column":25},"end":{"line":12,"column":45}},{"start":{"line":12,"column":49},"end":{"line":12,"column":51}}],"line":12}},"s":{"0":1,"1":1,"2":1,"3":1,"4":1,"5":1,"6":1},"f":{"0":1},"b":{"0":[0,1],"1":[1,1]},"_coverageSchema":"1a1c01bbd47fc00a2c39e90264f33305004495a9","hash":"d87b8bb9cba61c25d5649eaeb665697627c007bd"}
}
