TN:
SF:../usr/src/app/.nuxt/App.js
FN:22,(anonymous_0)
FN:50,(anonymous_1)
FN:52,(anonymous_2)
FN:70,(anonymous_3)
FN:79,(anonymous_4)
FN:82,(anonymous_5)
FN:100,(anonymous_6)
FN:108,(anonymous_7)
FN:112,(anonymous_8)
FN:118,(anonymous_9)
FN:131,(anonymous_10)
FN:139,(anonymous_11)
FN:158,(anonymous_12)
FN:178,(anonymous_13)
FN:189,(anonymous_14)
FN:201,(anonymous_15)
FNF:16
FNH:8
FNDA:1,(anonymous_0)
FNDA:0,(anonymous_1)
FNDA:0,(anonymous_2)
FNDA:1,(anonymous_3)
FNDA:1,(anonymous_4)
FNDA:1,(anonymous_5)
FNDA:1,(anonymous_6)
FNDA:0,(anonymous_7)
FNDA:0,(anonymous_8)
FNDA:1,(anonymous_9)
FNDA:0,(anonymous_10)
FNDA:0,(anonymous_11)
FNDA:0,(anonymous_12)
FNDA:0,(anonymous_13)
FNDA:1,(anonymous_14)
FNDA:1,(anonymous_15)
DA:19,1
DA:23,1
DA:25,1
DA:26,0
DA:27,0
DA:28,0
DA:36,1
DA:37,1
DA:44,1
DA:52,0
DA:53,0
DA:59,1
DA:70,1
DA:80,1
DA:84,1
DA:86,1
DA:87,1
DA:89,1
DA:91,1
DA:92,1
DA:95,1
DA:97,1
DA:101,1
DA:109,0
DA:113,0
DA:119,1
DA:120,1
DA:124,0
DA:126,1
DA:132,0
DA:134,0
DA:135,0
DA:137,0
DA:139,0
DA:140,0
DA:143,0
DA:144,0
DA:146,0
DA:147,0
DA:150,0
DA:151,0
DA:155,0
DA:156,0
DA:159,0
DA:160,0
DA:166,0
DA:168,0
DA:169,0
DA:171,0
DA:172,0
DA:173,0
DA:175,0
DA:179,0
DA:180,0
DA:181,0
DA:183,0
DA:184,0
DA:190,1
DA:191,0
DA:194,1
DA:195,0
DA:197,1
DA:198,1
DA:199,1
DA:202,1
DA:203,0
DA:205,1
LF:67
LH:28
BRDA:25,0,0,0
BRDA:25,0,1,1
BRDA:25,1,0,1
BRDA:25,1,1,0
BRDA:26,2,0,0
BRDA:26,2,1,0
BRDA:27,3,0,0
BRDA:27,3,1,0
BRDA:29,4,0,0
BRDA:29,4,1,0
BRDA:36,5,0,1
BRDA:36,5,1,0
BRDA:86,6,0,1
BRDA:86,6,1,0
BRDA:119,7,0,1
BRDA:119,7,1,0
BRDA:120,8,0,0
BRDA:120,8,1,1
BRDA:134,9,0,0
BRDA:134,9,1,0
BRDA:143,10,0,0
BRDA:143,10,1,0
BRDA:143,11,0,0
BRDA:143,11,1,0
BRDA:146,12,0,0
BRDA:146,12,1,0
BRDA:155,13,0,0
BRDA:155,13,1,0
BRDA:179,14,0,0
BRDA:179,14,1,0
BRDA:179,15,0,0
BRDA:179,15,1,0
BRDA:180,16,0,0
BRDA:180,16,1,0
BRDA:183,17,0,0
BRDA:183,17,1,0
BRDA:190,18,0,0
BRDA:190,18,1,1
BRDA:190,19,0,1
BRDA:190,19,1,1
BRDA:194,20,0,0
BRDA:194,20,1,1
BRDA:194,21,0,1
BRDA:194,21,1,1
BRDA:202,22,0,0
BRDA:202,22,1,1
BRDA:202,23,0,1
BRDA:202,23,1,1
BRF:48
BRH:15
end_of_record
TN:
SF:../usr/src/app/.nuxt/axios.js
FN:8,(anonymous_0)
FN:11,(anonymous_1)
FN:20,(anonymous_2)
FN:24,(anonymous_3)
FN:25,(anonymous_4)
FN:27,(anonymous_5)
FN:28,(anonymous_6)
FN:30,(anonymous_7)
FN:31,(anonymous_8)
FN:33,(anonymous_9)
FN:34,(anonymous_10)
FN:36,(anonymous_11)
FN:40,(anonymous_12)
FN:47,(anonymous_13)
FN:47,(anonymous_14)
FN:50,(anonymous_15)
FN:56,(anonymous_16)
FN:72,(anonymous_17)
FN:79,(anonymous_18)
FN:80,(anonymous_19)
FN:81,(anonymous_20)
FN:82,(anonymous_21)
FN:85,(anonymous_22)
FN:89,(anonymous_23)
FN:97,(anonymous_24)
FN:109,(anonymous_25)
FN:124,(anonymous_26)
FN:136,(anonymous_27)
FNF:28
FNH:9
FNDA:0,(anonymous_0)
FNDA:0,(anonymous_1)
FNDA:0,(anonymous_2)
FNDA:1,(anonymous_3)
FNDA:0,(anonymous_4)
FNDA:1,(anonymous_5)
FNDA:0,(anonymous_6)
FNDA:1,(anonymous_7)
FNDA:0,(anonymous_8)
FNDA:1,(anonymous_9)
FNDA:0,(anonymous_10)
FNDA:1,(anonymous_11)
FNDA:0,(anonymous_12)
FNDA:0,(anonymous_13)
FNDA:0,(anonymous_14)
FNDA:1,(anonymous_15)
FNDA:1,(anonymous_16)
FNDA:1,(anonymous_17)
FNDA:0,(anonymous_18)
FNDA:0,(anonymous_19)
FNDA:0,(anonymous_20)
FNDA:0,(anonymous_21)
FNDA:0,(anonymous_22)
FNDA:0,(anonymous_23)
FNDA:0,(anonymous_24)
FNDA:0,(anonymous_25)
FNDA:0,(anonymous_26)
FNDA:1,(anonymous_27)
DA:4,1
DA:7,1
DA:9,0
DA:12,0
DA:13,0
DA:14,0
DA:15,0
DA:17,0
DA:21,0
DA:22,0
DA:25,1
DA:28,1
DA:31,1
DA:34,1
DA:37,1
DA:38,1
DA:41,0
DA:46,1
DA:47,8
DA:50,1
DA:51,1
DA:52,17
DA:56,1
DA:58,1
DA:59,1
DA:60,1
DA:63,1
DA:67,1
DA:69,1
DA:72,1
DA:73,1
DA:74,0
DA:78,1
DA:85,1
DA:87,1
DA:89,1
DA:90,0
DA:91,0
DA:94,0
DA:97,1
DA:98,0
DA:99,0
DA:102,0
DA:103,0
DA:104,0
DA:105,0
DA:109,1
DA:110,0
DA:111,0
DA:114,0
DA:116,0
DA:117,0
DA:120,0
DA:121,0
DA:124,1
DA:125,0
DA:126,0
DA:128,0
DA:129,0
DA:132,1
DA:133,1
DA:138,1
DA:145,1
DA:157,1
DA:163,1
DA:164,0
DA:165,0
DA:166,0
DA:168,0
DA:171,1
DA:173,0
DA:176,1
DA:179,1
DA:180,1
LF:74
LH:39
BRDA:4,0,0,1
BRDA:4,0,1,1
BRDA:11,1,0,0
BRDA:12,2,0,0
BRDA:12,2,1,0
BRDA:13,3,0,0
BRDA:13,3,1,0
BRDA:20,4,0,0
BRDA:21,5,0,0
BRDA:21,5,1,0
BRDA:21,6,0,0
BRDA:21,6,1,0
BRDA:25,7,0,0
BRDA:25,7,1,0
BRDA:28,8,0,0
BRDA:28,8,1,0
BRDA:31,9,0,0
BRDA:31,9,1,0
BRDA:34,10,0,0
BRDA:34,10,1,0
BRDA:47,11,0,0
BRDA:47,11,1,0
BRDA:73,12,0,0
BRDA:73,12,1,1
BRDA:85,13,0,0
BRDA:85,13,1,0
BRDA:85,14,0,0
BRDA:85,14,1,0
BRDA:85,14,2,0
BRDA:90,15,0,0
BRDA:90,15,1,0
BRDA:90,16,0,0
BRDA:90,16,1,0
BRDA:98,17,0,0
BRDA:98,17,1,0
BRDA:98,18,0,0
BRDA:98,18,1,0
BRDA:98,18,2,0
BRDA:103,19,0,0
BRDA:103,19,1,0
BRDA:110,20,0,0
BRDA:110,20,1,0
BRDA:110,21,0,0
BRDA:110,21,1,0
BRDA:110,21,2,0
BRDA:116,22,0,0
BRDA:116,22,1,0
BRDA:125,23,0,0
BRDA:125,23,1,0
BRDA:138,24,0,1
BRDA:138,24,1,0
BRDA:140,25,0,0
BRDA:140,25,1,0
BRDA:163,26,0,0
BRDA:163,26,1,1
BRDA:163,27,0,1
BRDA:163,27,1,0
BRDA:163,27,2,0
BRDA:171,28,0,0
BRDA:171,28,1,1
BRF:60
BRH:7
end_of_record
TN:
SF:../usr/src/app/.nuxt/client.js
FN:49,(anonymous_0)
FN:57,(anonymous_1)
FN:69,(anonymous_2)
FN:97,componentOption
FN:108,mapTransitions
FN:109,(anonymous_5)
FN:125,(anonymous_6)
FN:126,(anonymous_7)
FN:133,loadAsyncComponents
FN:148,(anonymous_9)
FN:151,(anonymous_10)
FN:157,(anonymous_11)
FN:189,applySSRData
FN:199,resolveComponents
FN:202,(anonymous_14)
FN:214,callMiddleware
FN:225,(anonymous_16)
FN:232,(anonymous_17)
FN:249,render
FN:258,(anonymous_19)
FN:265,(anonymous_20)
FN:322,(anonymous_21)
FN:389,(anonymous_22)
FN:408,(anonymous_23)
FN:434,(anonymous_24)
FN:453,(anonymous_25)
FN:495,normalizeComponents
FN:496,(anonymous_27)
FN:507,showNextPage
FN:526,fixPrepatch
FN:534,(anonymous_30)
FN:535,(anonymous_31)
FN:552,(anonymous_32)
FN:560,(anonymous_33)
FN:564,nuxtReady
FN:565,(anonymous_35)
FN:575,(anonymous_36)
FN:577,(anonymous_37)
FN:581,(anonymous_38)
FN:582,(anonymous_39)
FN:585,getNuxtChildComponents
FN:586,(anonymous_41)
FN:587,(anonymous_42)
FN:598,hotReloadAPI
FN:606,addHotReload
FN:612,(anonymous_45)
FN:625,(anonymous_46)
FN:641,(anonymous_47)
FN:655,(anonymous_48)
FN:657,(anonymous_49)
FN:662,(anonymous_50)
FN:666,(anonymous_51)
FN:669,(anonymous_52)
FN:679,(anonymous_53)
FN:684,(anonymous_54)
FN:687,(anonymous_55)
FN:692,mountApp
FN:706,(anonymous_57)
FN:714,(anonymous_58)
FN:730,(anonymous_59)
FN:750,(anonymous_60)
FN:757,(anonymous_61)
FN:766,(anonymous_62)
FN:772,(anonymous_63)
FNF:64
FNH:15
FNDA:0,(anonymous_0)
FNDA:0,(anonymous_1)
FNDA:0,(anonymous_2)
FNDA:2,componentOption
FNDA:1,mapTransitions
FNDA:2,(anonymous_5)
FNDA:0,(anonymous_6)
FNDA:0,(anonymous_7)
FNDA:0,loadAsyncComponents
FNDA:0,(anonymous_9)
FNDA:0,(anonymous_10)
FNDA:0,(anonymous_11)
FNDA:1,applySSRData
FNDA:1,resolveComponents
FNDA:1,(anonymous_14)
FNDA:0,callMiddleware
FNDA:0,(anonymous_16)
FNDA:0,(anonymous_17)
FNDA:0,render
FNDA:0,(anonymous_19)
FNDA:0,(anonymous_20)
FNDA:0,(anonymous_21)
FNDA:0,(anonymous_22)
FNDA:0,(anonymous_23)
FNDA:0,(anonymous_24)
FNDA:0,(anonymous_25)
FNDA:0,normalizeComponents
FNDA:0,(anonymous_27)
FNDA:0,showNextPage
FNDA:0,fixPrepatch
FNDA:0,(anonymous_30)
FNDA:0,(anonymous_31)
FNDA:0,(anonymous_32)
FNDA:0,(anonymous_33)
FNDA:1,nuxtReady
FNDA:0,(anonymous_35)
FNDA:0,(anonymous_36)
FNDA:0,(anonymous_37)
FNDA:0,(anonymous_38)
FNDA:0,(anonymous_39)
FNDA:23,getNuxtChildComponents
FNDA:36,(anonymous_41)
FNDA:0,(anonymous_42)
FNDA:1,hotReloadAPI
FNDA:1,addHotReload
FNDA:0,(anonymous_45)
FNDA:0,(anonymous_46)
FNDA:0,(anonymous_47)
FNDA:0,(anonymous_48)
FNDA:0,(anonymous_49)
FNDA:0,(anonymous_50)
FNDA:0,(anonymous_51)
FNDA:0,(anonymous_52)
FNDA:0,(anonymous_53)
FNDA:0,(anonymous_54)
FNDA:0,(anonymous_55)
FNDA:1,mountApp
FNDA:1,(anonymous_57)
FNDA:1,(anonymous_58)
FNDA:1,(anonymous_59)
FNDA:0,(anonymous_60)
FNDA:0,(anonymous_61)
FNDA:0,(anonymous_62)
FNDA:0,(anonymous_63)
DA:24,1
DA:25,1
DA:26,1
DA:30,1
DA:31,1
DA:33,1
DA:36,1
DA:41,1
DA:43,1
DA:45,1
DA:46,1
DA:47,0
DA:48,0
DA:49,0
DA:50,0
DA:51,0
DA:55,1
DA:56,1
DA:57,1
DA:59,0
DA:60,0
DA:61,0
DA:63,0
DA:64,0
DA:67,0
DA:68,0
DA:69,0
DA:72,0
DA:73,0
DA:77,0
DA:78,0
DA:82,0
DA:83,0
DA:85,0
DA:88,1
DA:90,1
DA:92,1
DA:95,1
DA:98,2
DA:99,2
DA:101,0
DA:102,0
DA:103,0
DA:105,0
DA:109,1
DA:110,2
DA:111,2
DA:114,1
DA:115,1
DA:117,1
DA:118,1
DA:120,1
DA:121,1
DA:124,1
DA:125,0
DA:126,0
DA:128,1
DA:130,1
DA:135,0
DA:136,0
DA:137,0
DA:138,0
DA:140,0
DA:141,0
DA:144,0
DA:145,0
DA:146,0
DA:148,0
DA:151,0
DA:152,0
DA:153,0
DA:154,0
DA:156,0
DA:157,0
DA:159,0
DA:160,0
DA:162,0
DA:164,0
DA:165,0
DA:170,0
DA:172,0
DA:173,0
DA:174,0
DA:178,0
DA:179,0
DA:180,0
DA:183,0
DA:184,0
DA:185,0
DA:190,1
DA:191,1
DA:194,1
DA:195,1
DA:200,1
DA:202,1
DA:204,1
DA:205,0
DA:208,1
DA:209,1
DA:210,1
DA:215,0
DA:216,0
DA:219,0
DA:220,0
DA:221,0
DA:222,0
DA:223,0
DA:225,0
DA:226,0
DA:227,0
DA:232,0
DA:233,0
DA:234,0
DA:236,0
DA:237,0
DA:238,0
DA:240,0
DA:243,0
DA:244,0
DA:246,0
DA:250,0
DA:251,0
DA:254,0
DA:255,0
DA:257,0
DA:258,0
DA:259,0
DA:264,0
DA:265,0
DA:266,0
DA:267,0
DA:270,0
DA:271,0
DA:274,0
DA:275,0
DA:278,0
DA:279,0
DA:283,0
DA:288,0
DA:289,0
DA:292,0
DA:293,0
DA:296,0
DA:298,0
DA:299,0
DA:300,0
DA:304,0
DA:305,0
DA:311,0
DA:312,0
DA:313,0
DA:317,0
DA:318,0
DA:322,0
DA:323,0
DA:324,0
DA:325,0
DA:330,0
DA:332,0
DA:334,0
DA:335,0
DA:336,0
DA:338,0
DA:339,0
DA:343,0
DA:344,0
DA:345,0
DA:347,0
DA:350,0
DA:351,0
DA:352,0
DA:354,0
DA:355,0
DA:359,0
DA:360,0
DA:361,0
DA:362,0
DA:363,0
DA:366,0
DA:368,0
DA:369,0
DA:374,0
DA:378,0
DA:382,0
DA:383,0
DA:384,0
DA:389,0
DA:391,0
DA:392,0
DA:393,0
DA:398,0
DA:399,0
DA:400,0
DA:401,0
DA:402,0
DA:403,0
DA:404,0
DA:405,0
DA:406,0
DA:407,0
DA:408,0
DA:409,0
DA:410,0
DA:411,0
DA:413,0
DA:416,0
DA:417,0
DA:420,0
DA:423,0
DA:427,0
DA:429,0
DA:432,0
DA:433,0
DA:435,0
DA:437,0
DA:438,0
DA:441,0
DA:445,0
DA:448,0
DA:449,0
DA:450,0
DA:451,0
DA:453,0
DA:454,0
DA:455,0
DA:458,0
DA:461,0
DA:465,0
DA:466,0
DA:467,0
DA:470,0
DA:473,0
DA:474,0
DA:475,0
DA:477,0
DA:479,0
DA:482,0
DA:483,0
DA:484,0
DA:486,0
DA:488,0
DA:489,0
DA:490,0
DA:496,0
DA:497,0
DA:499,0
DA:500,0
DA:501,0
DA:503,0
DA:509,0
DA:510,0
DA:514,0
DA:518,0
DA:519,0
DA:521,0
DA:527,0
DA:528,0
DA:531,0
DA:532,0
DA:534,0
DA:535,0
DA:536,0
DA:537,0
DA:540,0
DA:546,0
DA:547,0
DA:548,0
DA:552,0
DA:553,0
DA:557,0
DA:560,0
DA:565,1
DA:566,0
DA:567,0
DA:571,1
DA:572,0
DA:575,1
DA:577,0
DA:581,1
DA:582,1
DA:586,23
DA:587,36
DA:588,1
DA:590,36
DA:591,22
DA:595,23
DA:599,1
DA:601,1
DA:603,1
DA:607,1
DA:608,1
DA:610,1
DA:612,1
DA:613,0
DA:614,0
DA:615,0
DA:616,0
DA:618,0
DA:620,0
DA:621,0
DA:623,0
DA:624,0
DA:625,0
DA:626,0
DA:627,0
DA:629,0
DA:634,0
DA:636,0
DA:637,0
DA:640,0
DA:643,0
DA:644,0
DA:647,0
DA:648,0
DA:649,0
DA:651,0
DA:652,0
DA:654,0
DA:655,0
DA:656,0
DA:657,0
DA:659,0
DA:663,0
DA:668,0
DA:669,0
DA:670,0
DA:671,0
DA:673,0
DA:676,0
DA:677,0
DA:678,0
DA:679,0
DA:680,0
DA:682,0
DA:685,0
DA:686,0
DA:687,0
DA:694,1
DA:695,1
DA:698,1
DA:701,1
DA:702,1
DA:703,1
DA:706,1
DA:707,1
DA:710,1
DA:711,1
DA:714,1
DA:716,1
DA:719,1
DA:724,1
DA:727,1
DA:728,1
DA:729,1
DA:730,1
DA:734,1
DA:735,1
DA:736,0
DA:740,1
DA:741,1
DA:744,1
DA:745,1
DA:746,1
DA:750,0
DA:751,0
DA:752,0
DA:754,0
DA:757,0
DA:759,0
DA:760,0
DA:761,0
DA:766,0
DA:767,0
DA:768,0
DA:772,0
DA:773,0
DA:774,0
LF:377
LH:85
BRDA:24,0,0,1
BRDA:24,0,1,0
BRDA:33,1,0,0
BRDA:33,1,1,1
BRDA:41,2,0,1
BRDA:41,2,1,0
BRDA:45,3,0,1
BRDA:45,3,1,0
BRDA:46,4,0,0
BRDA:46,4,1,1
BRDA:48,5,0,0
BRDA:48,5,1,0
BRDA:49,6,0,0
BRDA:49,6,1,0
BRDA:51,7,0,0
BRDA:51,7,1,0
BRDA:55,8,0,1
BRDA:55,8,1,0
BRDA:60,9,0,0
BRDA:60,9,1,0
BRDA:63,10,0,0
BRDA:63,10,1,0
BRDA:67,11,0,0
BRDA:67,11,1,0
BRDA:67,12,0,0
BRDA:67,12,1,0
BRDA:72,13,0,0
BRDA:72,13,1,0
BRDA:72,14,0,0
BRDA:72,14,1,0
BRDA:72,14,2,0
BRDA:77,15,0,0
BRDA:77,15,1,0
BRDA:82,16,0,0
BRDA:82,16,1,0
BRDA:85,17,0,0
BRDA:85,17,1,0
BRDA:92,18,0,1
BRDA:92,18,1,0
BRDA:98,19,0,2
BRDA:98,19,1,0
BRDA:98,20,0,2
BRDA:98,20,1,1
BRDA:98,20,2,1
BRDA:102,21,0,0
BRDA:102,21,1,0
BRDA:110,22,0,2
BRDA:110,22,1,0
BRDA:111,23,0,0
BRDA:111,23,1,2
BRDA:114,24,0,0
BRDA:114,24,1,1
BRDA:125,25,0,0
BRDA:125,25,1,0
BRDA:135,26,0,0
BRDA:135,26,1,0
BRDA:136,27,0,0
BRDA:136,27,1,0
BRDA:137,28,0,0
BRDA:137,28,1,0
BRDA:138,29,0,0
BRDA:138,29,1,0
BRDA:140,30,0,0
BRDA:140,30,1,0
BRDA:140,31,0,0
BRDA:140,31,1,0
BRDA:140,31,2,0
BRDA:140,31,3,0
BRDA:145,32,0,0
BRDA:145,32,1,0
BRDA:153,33,0,0
BRDA:153,33,1,0
BRDA:156,34,0,0
BRDA:156,34,1,0
BRDA:159,35,0,0
BRDA:159,35,1,0
BRDA:164,36,0,0
BRDA:164,36,1,0
BRDA:164,37,0,0
BRDA:164,37,1,0
BRDA:164,37,2,0
BRDA:172,38,0,0
BRDA:172,38,1,0
BRDA:173,39,0,0
BRDA:173,39,1,0
BRDA:173,39,2,0
BRDA:173,39,3,0
BRDA:173,39,4,0
BRDA:174,40,0,0
BRDA:174,40,1,0
BRDA:178,41,0,0
BRDA:178,41,1,0
BRDA:190,42,0,1
BRDA:190,42,1,0
BRDA:190,43,0,1
BRDA:190,43,1,1
BRDA:204,44,0,0
BRDA:204,44,1,1
BRDA:204,45,0,1
BRDA:204,45,1,1
BRDA:208,46,0,1
BRDA:208,46,1,0
BRDA:219,47,0,0
BRDA:219,47,1,0
BRDA:222,48,0,0
BRDA:222,48,1,0
BRDA:226,49,0,0
BRDA:226,49,1,0
BRDA:233,50,0,0
BRDA:233,50,1,0
BRDA:236,51,0,0
BRDA:236,51,1,0
BRDA:243,52,0,0
BRDA:243,52,1,0
BRDA:250,53,0,0
BRDA:250,53,1,0
BRDA:250,54,0,0
BRDA:250,54,1,0
BRDA:250,54,2,0
BRDA:254,55,0,0
BRDA:254,55,1,0
BRDA:266,56,0,0
BRDA:266,56,1,0
BRDA:266,57,0,0
BRDA:266,57,1,0
BRDA:270,58,0,0
BRDA:270,58,1,0
BRDA:270,59,0,0
BRDA:270,59,1,0
BRDA:274,60,0,0
BRDA:274,60,1,0
BRDA:296,61,0,0
BRDA:296,61,1,0
BRDA:299,62,0,0
BRDA:299,62,1,0
BRDA:304,63,0,0
BRDA:304,63,1,0
BRDA:306,64,0,0
BRDA:306,64,1,0
BRDA:312,65,0,0
BRDA:312,65,1,0
BRDA:323,66,0,0
BRDA:323,66,1,0
BRDA:323,67,0,0
BRDA:323,67,1,0
BRDA:335,68,0,0
BRDA:335,68,1,0
BRDA:338,69,0,0
BRDA:338,69,1,0
BRDA:344,70,0,0
BRDA:344,70,1,0
BRDA:351,71,0,0
BRDA:351,71,1,0
BRDA:354,72,0,0
BRDA:354,72,1,0
BRDA:362,73,0,0
BRDA:362,73,1,0
BRDA:368,74,0,0
BRDA:368,74,1,0
BRDA:375,75,0,0
BRDA:375,75,1,0
BRDA:382,76,0,0
BRDA:382,76,1,0
BRDA:398,77,0,0
BRDA:398,77,1,0
BRDA:398,78,0,0
BRDA:398,78,1,0
BRDA:400,79,0,0
BRDA:400,79,1,0
BRDA:400,80,0,0
BRDA:400,80,1,0
BRDA:403,81,0,0
BRDA:403,81,1,0
BRDA:405,82,0,0
BRDA:405,82,1,0
BRDA:407,83,0,0
BRDA:407,83,1,0
BRDA:409,84,0,0
BRDA:409,84,1,0
BRDA:410,85,0,0
BRDA:410,85,1,0
BRDA:416,86,0,0
BRDA:416,86,1,0
BRDA:416,87,0,0
BRDA:416,87,1,0
BRDA:416,87,2,0
BRDA:423,88,0,0
BRDA:423,88,1,0
BRDA:427,89,0,0
BRDA:427,89,1,0
BRDA:429,90,0,0
BRDA:429,90,1,0
BRDA:429,91,0,0
BRDA:429,91,1,0
BRDA:432,92,0,0
BRDA:432,92,1,0
BRDA:437,93,0,0
BRDA:437,93,1,0
BRDA:448,94,0,0
BRDA:448,94,1,0
BRDA:450,95,0,0
BRDA:450,95,1,0
BRDA:450,96,0,0
BRDA:450,96,1,0
BRDA:450,96,2,0
BRDA:454,97,0,0
BRDA:454,97,1,0
BRDA:465,98,0,0
BRDA:465,98,1,0
BRDA:466,99,0,0
BRDA:466,99,1,0
BRDA:466,100,0,0
BRDA:466,100,1,0
BRDA:473,101,0,0
BRDA:473,101,1,0
BRDA:474,102,0,0
BRDA:474,102,1,0
BRDA:482,103,0,0
BRDA:482,103,1,0
BRDA:483,104,0,0
BRDA:483,104,1,0
BRDA:497,105,0,0
BRDA:497,105,1,0
BRDA:497,106,0,0
BRDA:497,106,1,0
BRDA:509,107,0,0
BRDA:509,107,1,0
BRDA:509,108,0,0
BRDA:509,108,1,0
BRDA:514,109,0,0
BRDA:514,109,1,0
BRDA:515,110,0,0
BRDA:515,110,1,0
BRDA:518,111,0,0
BRDA:518,111,1,0
BRDA:527,112,0,0
BRDA:527,112,1,0
BRDA:527,113,0,0
BRDA:527,113,1,0
BRDA:527,113,2,0
BRDA:536,114,0,0
BRDA:536,114,1,0
BRDA:536,115,0,0
BRDA:536,115,1,0
BRDA:540,116,0,0
BRDA:540,116,1,0
BRDA:541,117,0,0
BRDA:541,117,1,0
BRDA:541,117,2,0
BRDA:541,117,3,0
BRDA:566,118,0,0
BRDA:566,118,1,0
BRDA:571,119,0,0
BRDA:571,119,1,1
BRDA:585,120,0,0
BRDA:587,121,0,1
BRDA:587,121,1,35
BRDA:587,122,0,36
BRDA:587,122,1,36
BRDA:587,122,2,1
BRDA:590,123,0,22
BRDA:590,123,1,14
BRDA:590,124,0,36
BRDA:590,124,1,36
BRDA:599,125,0,0
BRDA:599,125,1,1
BRDA:607,126,0,0
BRDA:607,126,1,1
BRDA:615,127,0,0
BRDA:615,127,1,0
BRDA:618,128,0,0
BRDA:618,128,1,0
BRDA:618,129,0,0
BRDA:618,129,1,0
BRDA:626,130,0,0
BRDA:626,130,1,0
BRDA:636,131,0,0
BRDA:636,131,1,0
BRDA:636,132,0,0
BRDA:636,132,1,0
BRDA:643,133,0,0
BRDA:643,133,1,0
BRDA:647,134,0,0
BRDA:647,134,1,0
BRDA:648,135,0,0
BRDA:648,135,1,0
BRDA:651,136,0,0
BRDA:651,136,1,0
BRDA:668,137,0,0
BRDA:668,137,1,0
BRDA:671,138,0,0
BRDA:671,138,1,0
BRDA:676,139,0,0
BRDA:676,139,1,0
BRDA:677,140,0,0
BRDA:677,140,1,0
BRDA:678,141,0,0
BRDA:678,141,1,0
BRDA:678,142,0,0
BRDA:678,142,1,0
BRDA:678,142,2,0
BRDA:679,143,0,0
BRDA:679,143,1,0
BRDA:685,144,0,0
BRDA:685,144,1,0
BRDA:701,145,0,1
BRDA:701,145,1,0
BRDA:728,146,0,1
BRDA:728,146,1,0
BRDA:735,147,0,0
BRDA:735,147,1,1
BRDA:744,148,0,1
BRDA:744,148,1,0
BRDA:744,149,0,1
BRDA:744,149,1,1
BRDA:759,150,0,0
BRDA:759,150,1,0
BRDA:773,151,0,0
BRDA:773,151,1,0
BRF:319
BRH:39
end_of_record
TN:
SF:../usr/src/app/.nuxt/index.js
FN:25,(anonymous_0)
FN:48,createApp
FN:62,(anonymous_2)
FN:66,(anonymous_3)
FN:82,(anonymous_4)
FN:102,(anonymous_5)
FN:124,(anonymous_6)
FN:143,(anonymous_7)
FN:146,(anonymous_8)
FN:174,(anonymous_9)
FN:175,(anonymous_10)
FN:177,(anonymous_11)
FNF:12
FNH:5
FNDA:0,(anonymous_0)
FNDA:1,createApp
FNDA:1,(anonymous_2)
FNDA:1,(anonymous_3)
FNDA:0,(anonymous_4)
FNDA:0,(anonymous_5)
FNDA:2,(anonymous_6)
FNDA:2,(anonymous_7)
FNDA:0,(anonymous_8)
FNDA:0,(anonymous_9)
FNDA:0,(anonymous_10)
FNDA:0,(anonymous_11)
DA:20,1
DA:23,1
DA:26,0
DA:27,0
DA:29,0
DA:31,0
DA:36,1
DA:37,1
DA:42,1
DA:44,1
DA:46,1
DA:49,1
DA:55,1
DA:63,1
DA:64,0
DA:66,1
DA:67,1
DA:68,0
DA:69,1
DA:70,0
DA:72,1
DA:74,1
DA:76,1
DA:77,1
DA:83,0
DA:84,0
DA:85,0
DA:86,0
DA:87,0
DA:88,0
DA:90,0
DA:91,0
DA:93,0
DA:94,0
DA:96,0
DA:102,1
DA:105,1
DA:106,0
DA:108,1
DA:109,1
DA:113,1
DA:124,1
DA:125,2
DA:126,0
DA:128,2
DA:129,0
DA:132,2
DA:134,2
DA:137,2
DA:138,2
DA:139,0
DA:141,2
DA:143,2
DA:144,2
DA:145,2
DA:147,0
DA:156,1
DA:157,0
DA:160,1
DA:161,1
DA:164,1
DA:165,1
DA:168,1
DA:169,1
DA:173,1
DA:174,0
DA:175,0
DA:177,0
DA:178,0
DA:179,0
DA:180,0
DA:181,0
DA:182,0
DA:183,0
DA:189,1
LF:75
LH:42
BRDA:26,0,0,0
BRDA:26,0,1,0
BRDA:26,1,0,0
BRDA:26,1,1,0
BRDA:63,2,0,0
BRDA:63,2,1,1
BRDA:67,3,0,0
BRDA:67,3,1,1
BRDA:69,4,0,0
BRDA:69,4,1,1
BRDA:83,5,0,0
BRDA:83,5,1,0
BRDA:85,6,0,0
BRDA:85,6,1,0
BRDA:87,7,0,0
BRDA:87,7,1,0
BRDA:88,8,0,0
BRDA:88,8,1,0
BRDA:93,9,0,0
BRDA:93,9,1,0
BRDA:102,10,0,0
BRDA:102,10,1,1
BRDA:105,11,0,0
BRDA:105,11,1,1
BRDA:117,12,0,0
BRDA:117,12,1,1
BRDA:118,13,0,0
BRDA:118,13,1,1
BRDA:119,14,0,0
BRDA:119,14,1,1
BRDA:120,15,0,0
BRDA:120,15,1,1
BRDA:125,16,0,0
BRDA:125,16,1,2
BRDA:128,17,0,0
BRDA:128,17,1,2
BRDA:138,18,0,0
BRDA:138,18,1,2
BRDA:144,19,0,2
BRDA:144,19,1,0
BRDA:156,20,0,0
BRDA:156,20,1,1
BRDA:156,21,0,1
BRDA:156,21,1,1
BRDA:160,22,0,1
BRDA:160,22,1,0
BRDA:164,23,0,1
BRDA:164,23,1,0
BRDA:168,24,0,1
BRDA:168,24,1,0
BRDA:173,25,0,0
BRDA:173,25,1,1
BRDA:173,26,0,1
BRDA:173,26,1,0
BRDA:173,26,2,0
BRDA:180,27,0,0
BRDA:180,27,1,0
BRDA:181,28,0,0
BRDA:181,28,1,0
BRF:59
BRH:21
end_of_record
TN:
SF:../usr/src/app/.nuxt/middleware.js
FNF:0
FNH:0
DA:1,1
LF:1
LH:1
BRF:0
BRH:0
end_of_record
TN:
SF:../usr/src/app/.nuxt/nuxt-icons.js
FN:1,(anonymous_0)
FN:3,(anonymous_1)
FNF:2
FNH:1
FNDA:1,(anonymous_0)
FNDA:0,(anonymous_1)
DA:2,1
DA:3,1
DA:4,1
LF:3
LH:3
BRDA:3,0,0,0
BRDA:3,0,1,0
BRF:2
BRH:0
end_of_record
TN:
SF:../usr/src/app/.nuxt/router.js
FN:6,(anonymous_0)
FN:7,(anonymous_1)
FN:10,(anonymous_2)
FN:12,push
FN:38,createRouter
FNF:5
FNH:2
FNDA:0,(anonymous_0)
FNDA:1,(anonymous_1)
FNDA:0,(anonymous_2)
FNDA:0,push
FNDA:1,createRouter
DA:6,1
DA:7,1
DA:10,1
DA:11,1
DA:12,1
DA:13,0
DA:16,1
DA:18,1
DA:39,1
LF:9
LH:8
BRDA:12,0,0,0
BRF:1
BRH:0
end_of_record
TN:
SF:../usr/src/app/.nuxt/router.scrollBehavior.js
FN:10,(anonymous_0)
FN:15,(anonymous_1)
FN:21,(anonymous_2)
FN:30,(anonymous_3)
FN:34,(anonymous_4)
FN:48,(anonymous_5)
FN:51,(anonymous_6)
FN:53,(anonymous_7)
FNF:8
FNH:1
FNDA:0,(anonymous_0)
FNDA:1,(anonymous_1)
FNDA:0,(anonymous_2)
FNDA:0,(anonymous_3)
FNDA:0,(anonymous_4)
FNDA:0,(anonymous_5)
FNDA:0,(anonymous_6)
FNDA:0,(anonymous_7)
DA:3,1
DA:4,1
DA:5,1
DA:10,1
DA:11,0
DA:15,1
DA:16,1
DA:24,0
DA:27,0
DA:28,0
DA:30,0
DA:33,0
DA:34,0
DA:36,0
DA:40,0
DA:41,0
DA:44,0
DA:47,0
DA:48,0
DA:51,0
DA:53,0
DA:56,0
DA:57,0
DA:59,0
DA:60,0
DA:62,0
DA:63,0
DA:65,0
DA:68,0
DA:71,0
LF:30
LH:6
BRDA:3,0,0,1
BRDA:3,0,1,0
BRDA:4,1,0,1
BRDA:4,1,1,0
BRDA:28,2,0,0
BRDA:28,2,1,0
BRDA:29,3,0,0
BRDA:29,3,1,0
BRDA:34,4,0,0
BRDA:34,4,1,0
BRDA:40,5,0,0
BRDA:40,5,1,0
BRDA:47,6,0,0
BRDA:47,6,1,0
BRDA:47,7,0,0
BRDA:47,7,1,0
BRDA:56,8,0,0
BRDA:56,8,1,0
BRDA:59,9,0,0
BRDA:59,9,1,0
BRDA:59,10,0,0
BRDA:59,10,1,0
BRDA:63,11,0,0
BRDA:63,11,1,0
BRF:24
BRH:2
end_of_record
TN:
SF:../usr/src/app/.nuxt/utils.js
FN:7,(anonymous_0)
FN:12,empty
FN:14,globalHandleError
FN:20,interopDefault
FN:21,(anonymous_4)
FN:24,hasFetch
FN:27,getChildrenComponentInstancesUsingFetch
FN:41,applyAsyncData
FN:50,(anonymous_8)
FN:53,(anonymous_9)
FN:68,sanitizeComponent
FN:87,getMatchedComponents
FN:88,(anonymous_12)
FN:89,(anonymous_13)
FN:96,getMatchedComponentsInstances
FN:100,flatMapComponents
FN:101,(anonymous_16)
FN:102,(anonymous_17)
FN:113,resolveRouteComponents
FN:115,(anonymous_19)
FN:126,getRouteData
FN:135,(anonymous_21)
FN:141,setContext
FN:165,(anonymous_23)
FN:206,(anonymous_24)
FN:235,middlewareSeries
FN:240,(anonymous_26)
FN:245,promisify
FN:252,(anonymous_28)
FN:253,(anonymous_29)
FN:272,getLocation
FN:292,compile
FN:296,getQueryDiff
FN:307,normalizeError
FN:350,parse
FN:422,encodeURIComponentPretty
FN:424,(anonymous_36)
FN:435,encodeAsterisk
FN:445,escapeString
FN:455,escapeGroup
FN:462,tokensToFunction
FN:473,(anonymous_41)
FN:549,flags
FN:560,formatUrl
FN:596,formatQuery
FN:597,(anonymous_45)
FN:603,(anonymous_46)
FN:609,addLifecycleHook
FNF:48
FNH:23
FNDA:0,(anonymous_0)
FNDA:0,empty
FNDA:0,globalHandleError
FNDA:1,interopDefault
FNDA:1,(anonymous_4)
FNDA:41,hasFetch
FNDA:0,getChildrenComponentInstancesUsingFetch
FNDA:1,applyAsyncData
FNDA:1,(anonymous_8)
FNDA:1,(anonymous_9)
FNDA:3,sanitizeComponent
FNDA:1,getMatchedComponents
FNDA:1,(anonymous_12)
FNDA:1,(anonymous_13)
FNDA:0,getMatchedComponentsInstances
FNDA:2,flatMapComponents
FNDA:2,(anonymous_16)
FNDA:2,(anonymous_17)
FNDA:1,resolveRouteComponents
FNDA:1,(anonymous_19)
FNDA:2,getRouteData
FNDA:1,(anonymous_21)
FNDA:1,setContext
FNDA:0,(anonymous_23)
FNDA:0,(anonymous_24)
FNDA:0,middlewareSeries
FNDA:0,(anonymous_26)
FNDA:0,promisify
FNDA:0,(anonymous_28)
FNDA:0,(anonymous_29)
FNDA:2,getLocation
FNDA:1,compile
FNDA:0,getQueryDiff
FNDA:0,normalizeError
FNDA:1,parse
FNDA:0,encodeURIComponentPretty
FNDA:0,(anonymous_36)
FNDA:0,encodeAsterisk
FNDA:0,escapeString
FNDA:0,escapeGroup
FNDA:1,tokensToFunction
FNDA:1,(anonymous_41)
FNDA:0,flags
FNDA:0,formatUrl
FNDA:0,formatQuery
FNDA:0,(anonymous_45)
FNDA:0,(anonymous_46)
FNDA:0,addLifecycleHook
DA:5,1
DA:6,1
DA:7,1
DA:8,0
DA:15,0
DA:16,0
DA:21,1
DA:25,41
DA:28,0
DA:29,0
DA:30,0
DA:31,0
DA:32,0
DA:34,0
DA:35,0
DA:38,0
DA:42,1
DA:47,0
DA:50,1
DA:51,1
DA:53,1
DA:54,1
DA:55,1
DA:56,0
DA:58,1
DA:61,1
DA:63,1
DA:64,1
DA:70,3
DA:71,1
DA:73,2
DA:74,2
DA:75,2
DA:77,0
DA:78,0
DA:81,2
DA:82,2
DA:84,2
DA:88,1
DA:89,1
DA:90,1
DA:91,1
DA:97,0
DA:101,2
DA:102,2
DA:103,2
DA:104,2
DA:106,0
DA:108,2
DA:114,1
DA:117,1
DA:118,1
DA:120,1
DA:121,1
DA:127,2
DA:128,1
DA:131,1
DA:133,1
DA:136,1
DA:143,1
DA:144,1
DA:156,1
DA:157,0
DA:159,1
DA:160,0
DA:162,1
DA:163,0
DA:165,1
DA:166,0
DA:167,0
DA:169,0
DA:171,0
DA:172,0
DA:173,0
DA:174,0
DA:175,0
DA:176,0
DA:178,0
DA:179,0
DA:182,0
DA:183,0
DA:189,0
DA:190,0
DA:191,0
DA:196,0
DA:198,0
DA:201,0
DA:205,1
DA:206,0
DA:208,1
DA:209,1
DA:214,1
DA:219,1
DA:220,1
DA:223,1
DA:224,0
DA:227,1
DA:228,1
DA:229,1
DA:230,1
DA:231,1
DA:232,1
DA:236,0
DA:237,0
DA:239,0
DA:241,0
DA:247,0
DA:248,0
DA:252,0
DA:253,0
DA:254,0
DA:255,0
DA:257,0
DA:258,0
DA:262,0
DA:265,0
DA:266,0
DA:268,0
DA:273,2
DA:274,2
DA:275,0
DA:277,2
DA:278,2
DA:280,2
DA:293,1
DA:297,0
DA:298,0
DA:299,0
DA:300,0
DA:301,0
DA:304,0
DA:309,0
DA:310,0
DA:311,0
DA:313,0
DA:316,0
DA:318,0
DA:330,1
DA:351,1
DA:352,1
DA:353,1
DA:354,1
DA:355,1
DA:358,1
DA:359,0
DA:360,0
DA:361,0
DA:362,0
DA:363,0
DA:366,0
DA:367,0
DA:368,0
DA:371,0
DA:372,0
DA:373,0
DA:374,0
DA:375,0
DA:376,0
DA:377,0
DA:380,0
DA:381,0
DA:382,0
DA:385,0
DA:386,0
DA:387,0
DA:388,0
DA:389,0
DA:391,0
DA:404,1
DA:405,0
DA:409,1
DA:410,0
DA:413,1
DA:423,0
DA:424,0
DA:425,0
DA:436,0
DA:446,0
DA:456,0
DA:464,1
DA:467,1
DA:468,0
DA:469,0
DA:473,1
DA:474,1
DA:475,1
DA:476,1
DA:477,1
DA:479,1
DA:480,0
DA:482,0
DA:483,0
DA:485,0
DA:488,0
DA:491,0
DA:492,0
DA:494,0
DA:495,0
DA:498,0
DA:500,0
DA:504,0
DA:505,0
DA:506,0
DA:509,0
DA:510,0
DA:511,0
DA:513,0
DA:517,0
DA:518,0
DA:520,0
DA:521,0
DA:524,0
DA:527,0
DA:530,0
DA:532,0
DA:533,0
DA:536,0
DA:539,1
DA:550,0
DA:562,0
DA:563,0
DA:564,0
DA:565,0
DA:566,0
DA:567,0
DA:570,0
DA:571,0
DA:573,0
DA:575,0
DA:576,0
DA:577,0
DA:580,0
DA:582,0
DA:583,0
DA:585,0
DA:587,0
DA:597,0
DA:598,0
DA:599,0
DA:600,0
DA:602,0
DA:603,0
DA:605,0
DA:610,0
DA:611,0
DA:613,0
DA:614,0
LF:247
LH:86
BRDA:5,0,0,1
BRDA:5,0,1,0
BRDA:15,1,0,0
BRDA:15,1,1,0
BRDA:21,2,0,1
BRDA:21,2,1,0
BRDA:25,3,0,41
BRDA:25,3,1,41
BRDA:25,3,2,0
BRDA:27,4,0,0
BRDA:28,5,0,0
BRDA:28,5,1,0
BRDA:30,6,0,0
BRDA:30,6,1,0
BRDA:34,7,0,0
BRDA:34,7,1,0
BRDA:42,8,0,0
BRDA:42,8,1,1
BRDA:45,9,0,1
BRDA:45,9,1,0
BRDA:50,10,0,1
BRDA:50,10,1,1
BRDA:50,10,2,1
BRDA:55,11,0,0
BRDA:55,11,1,1
BRDA:63,12,0,1
BRDA:63,12,1,0
BRDA:63,13,0,1
BRDA:63,13,1,1
BRDA:70,14,0,1
BRDA:70,14,1,2
BRDA:70,15,0,3
BRDA:70,15,1,1
BRDA:73,16,0,2
BRDA:73,16,1,0
BRDA:81,17,0,2
BRDA:81,17,1,0
BRDA:81,18,0,2
BRDA:81,18,1,2
BRDA:87,19,0,1
BRDA:87,20,0,1
BRDA:90,21,0,1
BRDA:90,21,1,0
BRDA:96,22,0,0
BRDA:103,23,0,2
BRDA:103,23,1,0
BRDA:117,24,0,1
BRDA:117,24,1,0
BRDA:117,25,0,1
BRDA:117,25,1,1
BRDA:121,26,0,0
BRDA:121,26,1,1
BRDA:127,27,0,1
BRDA:127,27,1,1
BRDA:136,28,0,1
BRDA:136,28,1,0
BRDA:143,29,0,1
BRDA:143,29,1,0
BRDA:156,30,0,0
BRDA:156,30,1,1
BRDA:159,31,0,0
BRDA:159,31,1,1
BRDA:162,32,0,0
BRDA:162,32,1,1
BRDA:166,33,0,0
BRDA:166,33,1,0
BRDA:172,34,0,0
BRDA:172,34,1,0
BRDA:172,35,0,0
BRDA:172,35,1,0
BRDA:172,35,2,0
BRDA:173,36,0,0
BRDA:173,36,1,0
BRDA:178,37,0,0
BRDA:178,37,1,0
BRDA:182,38,0,0
BRDA:182,38,1,0
BRDA:190,39,0,0
BRDA:190,39,1,0
BRDA:196,40,0,0
BRDA:196,40,1,0
BRDA:205,41,0,0
BRDA:205,41,1,1
BRDA:208,42,0,1
BRDA:208,42,1,0
BRDA:219,43,0,1
BRDA:219,43,1,0
BRDA:223,44,0,0
BRDA:223,44,1,1
BRDA:231,45,0,1
BRDA:231,45,1,0
BRDA:232,46,0,1
BRDA:232,46,1,0
BRDA:236,47,0,0
BRDA:236,47,1,0
BRDA:236,48,0,0
BRDA:236,48,1,0
BRDA:236,48,2,0
BRDA:247,49,0,0
BRDA:247,49,1,0
BRDA:254,50,0,0
BRDA:254,50,1,0
BRDA:257,51,0,0
BRDA:257,51,1,0
BRDA:265,52,0,0
BRDA:265,52,1,0
BRDA:265,53,0,0
BRDA:265,53,1,0
BRDA:265,53,2,0
BRDA:274,54,0,0
BRDA:274,54,1,2
BRDA:277,55,0,2
BRDA:277,55,1,0
BRDA:277,56,0,2
BRDA:277,56,1,2
BRDA:280,57,0,2
BRDA:280,57,1,2
BRDA:300,58,0,0
BRDA:300,58,1,0
BRDA:309,59,0,0
BRDA:309,59,1,0
BRDA:309,60,0,0
BRDA:309,60,1,0
BRDA:316,61,0,0
BRDA:316,61,1,0
BRDA:321,62,0,0
BRDA:321,62,1,0
BRDA:321,62,2,0
BRDA:321,62,3,0
BRDA:321,62,4,0
BRDA:355,63,0,1
BRDA:355,63,1,0
BRDA:355,63,2,1
BRDA:366,64,0,0
BRDA:366,64,1,0
BRDA:380,65,0,0
BRDA:380,65,1,0
BRDA:385,66,0,0
BRDA:385,66,1,0
BRDA:385,66,2,0
BRDA:386,67,0,0
BRDA:386,67,1,0
BRDA:387,68,0,0
BRDA:387,68,1,0
BRDA:388,69,0,0
BRDA:388,69,1,0
BRDA:389,70,0,0
BRDA:389,70,1,0
BRDA:392,71,0,0
BRDA:392,71,1,0
BRDA:393,72,0,0
BRDA:393,72,1,0
BRDA:399,73,0,0
BRDA:399,73,1,0
BRDA:399,74,0,0
BRDA:399,74,1,0
BRDA:404,75,0,0
BRDA:404,75,1,1
BRDA:409,76,0,0
BRDA:409,76,1,1
BRDA:423,77,0,0
BRDA:423,77,1,0
BRDA:468,78,0,0
BRDA:468,78,1,0
BRDA:475,79,0,1
BRDA:475,79,1,0
BRDA:476,80,0,1
BRDA:476,80,1,1
BRDA:477,81,0,0
BRDA:477,81,1,1
BRDA:482,82,0,0
BRDA:482,82,1,0
BRDA:488,83,0,0
BRDA:488,83,1,0
BRDA:491,84,0,0
BRDA:491,84,1,0
BRDA:492,85,0,0
BRDA:492,85,1,0
BRDA:494,86,0,0
BRDA:494,86,1,0
BRDA:504,87,0,0
BRDA:504,87,1,0
BRDA:505,88,0,0
BRDA:505,88,1,0
BRDA:509,89,0,0
BRDA:509,89,1,0
BRDA:510,90,0,0
BRDA:510,90,1,0
BRDA:520,91,0,0
BRDA:520,91,1,0
BRDA:524,92,0,0
BRDA:524,92,1,0
BRDA:530,93,0,0
BRDA:530,93,1,0
BRDA:532,94,0,0
BRDA:532,94,1,0
BRDA:550,95,0,0
BRDA:550,95,1,0
BRDA:550,96,0,0
BRDA:550,96,1,0
BRDA:563,97,0,0
BRDA:563,97,1,0
BRDA:566,98,0,0
BRDA:566,98,1,0
BRDA:571,99,0,0
BRDA:571,99,1,0
BRDA:576,100,0,0
BRDA:576,100,1,0
BRDA:580,101,0,0
BRDA:580,101,1,0
BRDA:582,102,0,0
BRDA:582,102,1,0
BRDA:582,103,0,0
BRDA:582,103,1,0
BRDA:583,104,0,0
BRDA:583,104,1,0
BRDA:585,105,0,0
BRDA:585,105,1,0
BRDA:599,106,0,0
BRDA:599,106,1,0
BRDA:602,107,0,0
BRDA:602,107,1,0
BRDA:610,108,0,0
BRDA:610,108,1,0
BRDA:613,109,0,0
BRDA:613,109,1,0
BRF:226
BRH:56
end_of_record
TN:
SF:../usr/src/app/.nuxt/workbox.js
FN:1,register
FN:18,(anonymous_1)
FNF:2
FNH:2
FNDA:1,register
FNDA:1,(anonymous_1)
DA:2,1
DA:3,0
DA:6,1
DA:8,1
DA:12,1
DA:14,0
DA:17,1
LF:7
LH:5
BRDA:2,0,0,0
BRDA:2,0,1,1
BRF:2
BRH:1
end_of_record
TN:
SF:../usr/src/app/.nuxt/components/nuxt-child.js
FN:16,(anonymous_0)
FN:34,(anonymous_1)
FN:41,(anonymous_2)
FN:49,(anonymous_3)
FN:51,(anonymous_4)
FN:67,(anonymous_5)
FNF:6
FNH:3
FNDA:1,(anonymous_0)
FNDA:16,(anonymous_1)
FNDA:12,(anonymous_2)
FNDA:0,(anonymous_3)
FNDA:0,(anonymous_4)
FNDA:0,(anonymous_5)
DA:17,1
DA:19,1
DA:20,1
DA:21,1
DA:22,1
DA:24,1
DA:25,1
DA:26,5
DA:27,0
DA:29,5
DA:31,1
DA:32,1
DA:33,1
DA:34,1
DA:35,16
DA:36,6
DA:40,1
DA:41,1
DA:42,12
DA:43,0
DA:46,1
DA:48,1
DA:49,1
DA:51,0
DA:52,0
DA:54,0
DA:55,0
DA:61,1
DA:62,0
DA:66,0
DA:67,0
DA:68,0
DA:69,0
DA:72,0
DA:77,1
DA:79,1
DA:80,0
DA:83,1
DA:90,1
DA:109,1
LF:40
LH:27
BRDA:26,0,0,0
BRDA:26,0,1,5
BRDA:26,1,0,5
BRDA:26,1,1,4
BRDA:32,2,0,1
BRDA:32,2,1,0
BRDA:35,3,0,6
BRDA:35,3,1,10
BRDA:42,4,0,0
BRDA:42,4,1,12
BRDA:46,5,0,1
BRDA:46,5,1,0
BRDA:54,6,0,0
BRDA:54,6,1,0
BRDA:61,7,0,0
BRDA:61,7,1,1
BRDA:66,8,0,0
BRDA:66,8,1,0
BRDA:66,9,0,0
BRDA:66,9,1,0
BRDA:68,10,0,0
BRDA:68,10,1,0
BRDA:79,11,0,0
BRDA:79,11,1,1
BRF:24
BRH:10
end_of_record
TN:
SF:../usr/src/app/.nuxt/components/nuxt-link.client.js
FN:4,(anonymous_0)
FN:6,(anonymous_1)
FN:9,(anonymous_2)
FN:14,(anonymous_3)
FN:18,(anonymous_4)
FN:19,(anonymous_5)
FN:40,(anonymous_6)
FN:45,(anonymous_7)
FN:54,(anonymous_8)
FN:66,(anonymous_9)
FN:69,(anonymous_10)
FN:75,(anonymous_11)
FN:77,(anonymous_12)
FN:79,(anonymous_13)
FN:81,(anonymous_14)
FN:92,(anonymous_15)
FNF:16
FNH:1
FNDA:0,(anonymous_0)
FNDA:0,(anonymous_1)
FNDA:0,(anonymous_2)
FNDA:0,(anonymous_3)
FNDA:0,(anonymous_4)
FNDA:0,(anonymous_5)
FNDA:1,(anonymous_6)
FNDA:0,(anonymous_7)
FNDA:0,(anonymous_8)
FNDA:0,(anonymous_9)
FNDA:0,(anonymous_10)
FNDA:0,(anonymous_11)
FNDA:0,(anonymous_12)
FNDA:0,(anonymous_13)
FNDA:0,(anonymous_14)
FNDA:0,(anonymous_15)
DA:3,1
DA:5,0
DA:6,0
DA:7,0
DA:9,0
DA:14,1
DA:15,0
DA:18,1
DA:19,0
DA:20,0
DA:21,0
DA:23,0
DA:41,1
DA:42,1
DA:46,0
DA:48,0
DA:49,0
DA:50,0
DA:56,0
DA:57,0
DA:60,0
DA:61,0
DA:62,0
DA:63,0
DA:67,0
DA:70,0
DA:71,0
DA:73,0
DA:76,0
DA:77,0
DA:79,0
DA:82,0
DA:83,0
DA:86,0
DA:87,0
DA:89,0
DA:90,0
DA:91,0
DA:92,0
DA:94,0
LF:40
LH:5
BRDA:3,0,0,1
BRDA:3,0,1,0
BRDA:14,1,0,1
BRDA:14,1,1,0
BRDA:18,2,0,1
BRDA:18,2,1,1
BRDA:20,3,0,0
BRDA:20,3,1,0
BRDA:41,4,0,1
BRDA:41,4,1,0
BRDA:41,5,0,1
BRDA:41,5,1,1
BRDA:48,6,0,0
BRDA:48,6,1,0
BRDA:56,7,0,0
BRDA:56,7,1,0
BRDA:60,8,0,0
BRDA:60,8,1,0
BRDA:71,9,0,0
BRDA:71,9,1,0
BRDA:71,9,2,0
BRDA:71,9,3,0
BRDA:71,10,0,0
BRDA:71,10,1,0
BRDA:79,11,0,0
BRDA:79,11,1,0
BRDA:79,11,2,0
BRDA:82,12,0,0
BRDA:82,12,1,0
BRDA:91,13,0,0
BRDA:91,13,1,0
BRF:31
BRH:7
end_of_record
TN:
SF:../usr/src/app/.nuxt/components/nuxt.js
FN:29,(anonymous_0)
FN:39,(anonymous_1)
FN:65,(anonymous_2)
FN:68,(anonymous_3)
FN:81,(anonymous_4)
FN:93,(anonymous_5)
FNF:6
FNH:3
FNDA:0,(anonymous_0)
FNDA:1,(anonymous_1)
FNDA:1,(anonymous_2)
FNDA:1,(anonymous_3)
FNDA:0,(anonymous_4)
FNDA:0,(anonymous_5)
DA:33,0
DA:34,0
DA:35,0
DA:41,1
DA:42,0
DA:45,1
DA:47,1
DA:48,0
DA:51,1
DA:53,1
DA:54,1
DA:56,1
DA:57,0
DA:61,1
DA:62,1
DA:66,1
DA:70,1
DA:72,1
DA:80,0
DA:81,0
DA:83,0
DA:92,0
DA:93,0
DA:95,0
LF:24
LH:12
BRDA:33,0,0,0
BRDA:33,0,1,0
BRDA:41,1,0,0
BRDA:41,1,1,1
BRDA:41,2,0,1
BRDA:41,2,1,1
BRDA:42,3,0,0
BRDA:42,3,1,0
BRDA:47,4,0,0
BRDA:47,4,1,1
BRDA:53,5,0,1
BRDA:53,5,1,0
BRDA:53,6,0,1
BRDA:53,6,1,1
BRDA:56,7,0,0
BRDA:56,7,1,1
BRDA:57,8,0,0
BRDA:57,8,1,0
BRDA:62,9,0,0
BRDA:62,9,1,1
BRDA:70,10,0,1
BRDA:70,10,1,0
BRDA:80,11,0,0
BRDA:80,11,1,0
BRF:24
BRH:10
end_of_record
TN:
SF:../usr/src/app/.nuxt/mixins/fetch.client.js
FN:4,(anonymous_0)
FN:8,(anonymous_1)
FN:27,beforeMount
FN:33,created
FN:55,$fetch
FN:58,(anonymous_5)
FN:63,$_fetch
FN:79,(anonymous_7)
FN:86,(anonymous_8)
FNF:9
FNH:1
FNDA:0,(anonymous_0)
FNDA:41,(anonymous_1)
FNDA:0,beforeMount
FNDA:0,created
FNDA:0,$fetch
FNDA:0,(anonymous_5)
FNDA:0,$_fetch
FNDA:0,(anonymous_7)
FNDA:0,(anonymous_8)
DA:4,1
DA:5,1
DA:9,41
DA:10,41
DA:13,0
DA:15,0
DA:21,0
DA:22,0
DA:23,0
DA:28,0
DA:29,0
DA:34,0
DA:35,0
DA:39,0
DA:40,0
DA:41,0
DA:44,0
DA:45,0
DA:46,0
DA:50,0
DA:51,0
DA:56,0
DA:57,0
DA:58,0
DA:60,0
DA:64,0
DA:65,0
DA:66,0
DA:67,0
DA:68,0
DA:69,0
DA:71,0
DA:72,0
DA:74,0
DA:77,0
DA:78,0
DA:79,0
DA:82,0
DA:83,0
DA:84,0
DA:86,0
LF:41
LH:4
BRDA:4,0,0,0
BRDA:4,0,1,0
BRDA:4,0,2,0
BRDA:4,0,3,0
BRDA:9,1,0,41
BRDA:9,1,1,0
BRDA:13,2,0,0
BRDA:13,2,1,0
BRDA:28,3,0,0
BRDA:28,3,1,0
BRDA:34,4,0,0
BRDA:34,4,1,0
BRDA:44,5,0,0
BRDA:44,5,1,0
BRDA:44,6,0,0
BRDA:44,6,1,0
BRDA:56,7,0,0
BRDA:56,7,1,0
BRDA:78,8,0,0
BRDA:78,8,1,0
BRF:20
BRH:1
end_of_record
TN:
SF:../usr/src/app/.nuxt/vuetify/options.js
FNF:0
FNH:0
LF:0
LH:0
BRF:0
BRH:0
end_of_record
TN:
SF:../usr/src/app/.nuxt/vuetify/plugin.js
FN:9,(anonymous_0)
FNF:1
FNH:1
FNDA:1,(anonymous_0)
DA:6,1
DA:10,1
DA:12,1
DA:13,1
DA:15,1
DA:17,1
DA:18,1
LF:7
LH:7
BRDA:10,0,0,0
BRDA:10,0,1,1
BRDA:12,1,0,1
BRDA:12,1,1,1
BRF:4
BRH:3
end_of_record
